2023-03-09 16:21:34,380: Finished backprop iter 0 in 8.97 seconds.
2023-03-09 16:21:34,382: Loss: 215.00. <p_g> 0.03 <p_x> 0.00 <x_gen> 69.01 <x_g> 69.01 <x_p> 69.42 <g> 0.00 <reg_g> 4.59 <reg_p> 2.94
2023-03-09 16:21:34,382: Accuracy: <p> 0.00% <g> 3.44% <gt> 3.44%
2023-03-09 16:21:34,386: Parameters: <max_hebb> 0.00 <eta> 0.00 <lambda> 0.00 <p2g_scale_offset> 0.88
2023-03-09 16:21:34,386: Weights:[0.0005, 5.9601461011058844e-05, 1.0, 1.0, 1.0, 0.0005, 0.00999999975, 0.019995000000000002]
2023-03-09 16:21:34,386:  
2023-03-09 16:23:14,485: Finished backprop iter 10 in 9.19 seconds.
2023-03-09 16:23:14,486: Loss: 228.44. <p_g> 0.00 <p_x> 0.02 <x_gen> 76.07 <x_g> 76.07 <x_p> 75.98 <g> 0.00 <reg_g> 0.16 <reg_p> 0.14
2023-03-09 16:23:14,488: Accuracy: <p> 1.56% <g> 1.56% <gt> 1.56%
2023-03-09 16:23:14,494: Parameters: <max_hebb> 0.00 <eta> 0.00 <lambda> 0.05 <p2g_scale_offset> 0.88
2023-03-09 16:23:14,494: Weights:[0.0055, 0.0006850434700307903, 1.0, 1.0, 1.0, 0.0055, 0.00999999725, 0.019945]
2023-03-09 16:23:14,495:  
2023-03-09 16:24:51,892: Finished backprop iter 20 in 8.54 seconds.
2023-03-09 16:24:51,894: Loss: 228.51. <p_g> 0.11 <p_x> 0.03 <x_gen> 76.21 <x_g> 76.21 <x_p> 74.25 <g> 0.00 <reg_g> 0.69 <reg_p> 1.02
2023-03-09 16:24:51,894: Accuracy: <p> 3.75% <g> 2.81% <gt> 2.81%
2023-03-09 16:24:51,903: Parameters: <max_hebb> 0.00 <eta> 0.00 <lambda> 0.10 <p2g_scale_offset> 0.87
2023-03-09 16:24:51,904: Weights:[0.0105, 0.0013661389808114779, 1.0, 1.0, 1.0, 0.0105, 0.00999999475, 0.019895]
2023-03-09 16:24:51,904:  
2023-03-09 16:26:24,152: Finished backprop iter 30 in 8.57 seconds.
2023-03-09 16:26:24,155: Loss: 226.78. <p_g> 0.25 <p_x> 0.04 <x_gen> 76.40 <x_g> 76.40 <x_p> 71.47 <g> 0.00 <reg_g> 0.85 <reg_p> 1.38
2023-03-09 16:26:24,156: Accuracy: <p> 13.44% <g> 1.88% <gt> 1.88%
2023-03-09 16:26:24,164: Parameters: <max_hebb> 0.00 <eta> 0.00 <lambda> 0.15 <p2g_scale_offset> 0.86
2023-03-09 16:26:24,164: Weights:[0.0155, 0.0021060299036409604, 1.0, 1.0, 1.0, 0.0155, 0.00999999225, 0.019844999999999998]
2023-03-09 16:26:24,164:  
2023-03-09 16:27:55,520: Finished backprop iter 40 in 8.43 seconds.
2023-03-09 16:27:55,523: Loss: 217.21. <p_g> 0.87 <p_x> 0.08 <x_gen> 75.72 <x_g> 75.72 <x_p> 60.28 <g> 0.00 <reg_g> 2.02 <reg_p> 2.52
2023-03-09 16:27:55,524: Accuracy: <p> 42.81% <g> 5.31% <gt> 5.31%
2023-03-09 16:27:55,536: Parameters: <max_hebb> 0.00 <eta> 0.00 <lambda> 0.20 <p2g_scale_offset> 0.86
2023-03-09 16:27:55,537: Weights:[0.0205, 0.0029079468304599983, 1.0, 1.0, 1.0, 0.0205, 0.00999998975, 0.019795]
2023-03-09 16:27:55,537:  
2023-03-09 16:29:25,180: Finished backprop iter 50 in 8.50 seconds.
2023-03-09 16:29:25,190: Loss: 199.97. <p_g> 1.88 <p_x> 0.14 <x_gen> 76.26 <x_g> 76.26 <x_p> 38.18 <g> 0.00 <reg_g> 3.37 <reg_p> 3.88
2023-03-09 16:29:25,192: Accuracy: <p> 78.44% <g> 2.19% <gt> 2.19%
2023-03-09 16:29:25,202: Parameters: <max_hebb> 0.00 <eta> 0.00 <lambda> 0.25 <p2g_scale_offset> 0.85
2023-03-09 16:29:25,202: Weights:[0.0255, 0.00377520354980808, 1.0, 1.0, 1.0, 0.0255, 0.00999998725, 0.019745]
2023-03-09 16:29:25,202:  
2023-03-09 16:30:54,396: Finished backprop iter 60 in 8.35 seconds.
2023-03-09 16:30:54,399: Loss: 189.82. <p_g> 2.39 <p_x> 0.19 <x_gen> 77.06 <x_g> 77.06 <x_p> 25.57 <g> 0.00 <reg_g> 3.36 <reg_p> 4.20
2023-03-09 16:30:54,400: Accuracy: <p> 92.81% <g> 2.19% <gt> 2.19%
2023-03-09 16:30:54,410: Parameters: <max_hebb> 0.00 <eta> 0.00 <lambda> 0.30 <p2g_scale_offset> 0.85
2023-03-09 16:30:54,410: Weights:[0.0305, 0.00471119058504781, 1.0, 1.0, 1.0, 0.0305, 0.009999984750000001, 0.019695]
2023-03-09 16:30:54,410:  
2023-03-09 16:32:24,123: Finished backprop iter 70 in 8.54 seconds.
2023-03-09 16:32:24,126: Loss: 179.74. <p_g> 2.68 <p_x> 0.22 <x_gen> 76.12 <x_g> 76.12 <x_p> 16.89 <g> 0.00 <reg_g> 3.51 <reg_p> 4.19
2023-03-09 16:32:24,126: Accuracy: <p> 98.75% <g> 5.62% <gt> 5.62%
2023-03-09 16:32:24,134: Parameters: <max_hebb> 0.00 <eta> 0.00 <lambda> 0.35 <p2g_scale_offset> 0.84
2023-03-09 16:32:24,137: Weights:[0.0355, 0.005719367709968777, 1.0, 1.0, 1.0, 0.0355, 0.009999982250000001, 0.019645]
2023-03-09 16:32:24,137:  
2023-03-09 16:33:53,231: Finished backprop iter 80 in 8.39 seconds.
2023-03-09 16:33:53,233: Loss: 177.38. <p_g> 2.99 <p_x> 0.27 <x_gen> 76.99 <x_g> 76.99 <x_p> 12.43 <g> 0.00 <reg_g> 3.59 <reg_p> 4.13
2023-03-09 16:33:53,234: Accuracy: <p> 100.00% <g> 1.56% <gt> 1.56%
2023-03-09 16:33:53,241: Parameters: <max_hebb> 0.00 <eta> 0.00 <lambda> 0.40 <p2g_scale_offset> 0.83
2023-03-09 16:33:53,243: Weights:[0.0405, 0.00680325540207606, 1.0, 1.0, 1.0, 0.0405, 0.00999997975, 0.019595]
2023-03-09 16:33:53,244:  
2023-03-09 16:35:21,342: Finished backprop iter 90 in 8.14 seconds.
2023-03-09 16:35:21,346: Loss: 174.09. <p_g> 2.98 <p_x> 0.29 <x_gen> 76.60 <x_g> 76.60 <x_p> 10.71 <g> 0.00 <reg_g> 3.12 <reg_p> 3.79
2023-03-09 16:35:21,347: Accuracy: <p> 100.00% <g> 2.50% <gt> 2.50%
2023-03-09 16:35:21,355: Parameters: <max_hebb> 0.00 <eta> 0.00 <lambda> 0.45 <p2g_scale_offset> 0.82
2023-03-09 16:35:21,356: Weights:[0.0455, 0.007966425201463812, 1.0, 1.0, 1.0, 0.0455, 0.00999997725, 0.019545]
2023-03-09 16:35:21,356:  
2023-03-09 16:36:48,859: Finished backprop iter 100 in 8.07 seconds.
2023-03-09 16:36:48,862: Loss: 171.55. <p_g> 3.36 <p_x> 0.34 <x_gen> 77.28 <x_g> 77.28 <x_p> 6.97 <g> 0.00 <reg_g> 2.35 <reg_p> 3.98
2023-03-09 16:36:48,862: Accuracy: <p> 100.00% <g> 2.81% <gt> 2.81%
2023-03-09 16:36:48,869: Parameters: <max_hebb> 0.00 <eta> 0.00 <lambda> 0.50 <p2g_scale_offset> 0.82
2023-03-09 16:36:48,871: Weights:[0.0505, 0.009212488952220996, 1.0, 1.0, 1.0, 0.0505, 0.00999997475, 0.019495000000000002]
2023-03-09 16:36:48,872:  
2023-03-09 16:38:17,606: Finished backprop iter 110 in 8.44 seconds.
2023-03-09 16:38:17,609: Loss: 172.10. <p_g> 3.12 <p_x> 0.36 <x_gen> 77.09 <x_g> 77.09 <x_p> 8.87 <g> 0.00 <reg_g> 2.16 <reg_p> 3.40
2023-03-09 16:38:17,610: Accuracy: <p> 100.00% <g> 2.50% <gt> 2.50%
2023-03-09 16:38:17,617: Parameters: <max_hebb> 0.00 <eta> 0.00 <lambda> 0.55 <p2g_scale_offset> 0.81
2023-03-09 16:38:17,618: Weights:[0.0555, 0.010545086913849868, 1.0, 1.0, 1.0, 0.0555, 0.009999972250000001, 0.019445]
2023-03-09 16:38:17,618:  
2023-03-09 16:39:47,588: Finished backprop iter 120 in 8.39 seconds.
2023-03-09 16:39:47,589: Loss: 167.11. <p_g> 3.15 <p_x> 0.38 <x_gen> 75.44 <x_g> 75.44 <x_p> 7.42 <g> 0.00 <reg_g> 1.93 <reg_p> 3.35
2023-03-09 16:39:47,592: Accuracy: <p> 100.00% <g> 4.06% <gt> 4.06%
2023-03-09 16:39:47,604: Parameters: <max_hebb> 0.00 <eta> 0.00 <lambda> 0.60 <p2g_scale_offset> 0.80
2023-03-09 16:39:47,606: Weights:[0.0605, 0.011967874742205807, 1.0, 1.0, 1.0, 0.0605, 0.00999996975, 0.019395]
2023-03-09 16:39:47,606:  
2023-03-09 16:41:16,499: Finished backprop iter 130 in 8.28 seconds.
2023-03-09 16:41:16,501: Loss: 166.75. <p_g> 3.12 <p_x> 0.41 <x_gen> 75.41 <x_g> 75.41 <x_p> 7.55 <g> 0.00 <reg_g> 1.71 <reg_p> 3.14
2023-03-09 16:41:16,502: Accuracy: <p> 100.00% <g> 3.12% <gt> 3.12%
2023-03-09 16:41:16,512: Parameters: <max_hebb> 0.00 <eta> 0.00 <lambda> 0.65 <p2g_scale_offset> 0.79
2023-03-09 16:41:16,514: Weights:[0.0655, 0.013484509352962045, 1.0, 1.0, 1.0, 0.0655, 0.00999996725, 0.019344999999999998]
2023-03-09 16:41:16,515:  
2023-03-09 16:42:46,524: Finished backprop iter 140 in 8.72 seconds.
2023-03-09 16:42:46,527: Loss: 168.38. <p_g> 3.35 <p_x> 0.45 <x_gen> 76.96 <x_g> 76.96 <x_p> 5.78 <g> 0.00 <reg_g> 1.63 <reg_p> 3.25
2023-03-09 16:42:46,528: Accuracy: <p> 100.00% <g> 3.75% <gt> 3.75%
2023-03-09 16:42:46,538: Parameters: <max_hebb> 0.00 <eta> 0.00 <lambda> 0.70 <p2g_scale_offset> 0.79
2023-03-09 16:42:46,540: Weights:[0.0705, 0.015098633695499616, 1.0, 1.0, 1.0, 0.0705, 0.00999996475, 0.019295]
2023-03-09 16:42:46,540:  
2023-03-09 16:44:14,025: Finished backprop iter 150 in 8.05 seconds.
2023-03-09 16:44:14,029: Loss: 163.29. <p_g> 3.15 <p_x> 0.46 <x_gen> 74.58 <x_g> 74.58 <x_p> 6.02 <g> 0.00 <reg_g> 1.47 <reg_p> 3.04
2023-03-09 16:44:14,031: Accuracy: <p> 100.00% <g> 4.38% <gt> 4.38%
2023-03-09 16:44:14,038: Parameters: <max_hebb> 0.00 <eta> 0.00 <lambda> 0.75 <p2g_scale_offset> 0.78
2023-03-09 16:44:14,040: Weights:[0.0755, 0.016813860481310824, 1.0, 1.0, 1.0, 0.0755, 0.00999996225, 0.019245]
2023-03-09 16:44:14,040:  
2023-03-09 16:45:40,716: Finished backprop iter 160 in 8.03 seconds.
2023-03-09 16:45:40,718: Loss: 161.65. <p_g> 3.05 <p_x> 0.47 <x_gen> 73.95 <x_g> 73.95 <x_p> 5.88 <g> 0.00 <reg_g> 1.43 <reg_p> 2.92
2023-03-09 16:45:40,721: Accuracy: <p> 100.00% <g> 5.31% <gt> 5.31%
2023-03-09 16:45:40,733: Parameters: <max_hebb> 0.00 <eta> 0.01 <lambda> 0.80 <p2g_scale_offset> 0.77
2023-03-09 16:45:40,735: Weights:[0.0805, 0.01863375492832909, 1.0, 1.0, 1.0, 0.0805, 0.00999995975, 0.019195]
2023-03-09 16:45:40,735:  
2023-03-09 16:47:06,828: Finished backprop iter 170 in 8.00 seconds.
2023-03-09 16:47:06,837: Loss: 160.23. <p_g> 2.54 <p_x> 0.42 <x_gen> 72.85 <x_g> 72.85 <x_p> 7.86 <g> 0.00 <reg_g> 1.15 <reg_p> 2.55
2023-03-09 16:47:06,839: Accuracy: <p> 100.00% <g> 6.25% <gt> 6.25%
2023-03-09 16:47:06,847: Parameters: <max_hebb> 0.00 <eta> 0.01 <lambda> 0.85 <p2g_scale_offset> 0.76
2023-03-09 16:47:06,848: Weights:[0.0855, 0.02056181660085101, 1.0, 1.0, 1.0, 0.0855, 0.00999995725, 0.019145000000000002]
2023-03-09 16:47:06,848:  
2023-03-09 16:48:32,745: Finished backprop iter 180 in 8.10 seconds.
2023-03-09 16:48:32,748: Loss: 162.23. <p_g> 2.40 <p_x> 0.41 <x_gen> 73.76 <x_g> 73.76 <x_p> 8.37 <g> 0.00 <reg_g> 1.15 <reg_p> 2.39
2023-03-09 16:48:32,750: Accuracy: <p> 100.00% <g> 9.06% <gt> 9.06%
2023-03-09 16:48:32,763: Parameters: <max_hebb> 0.01 <eta> 0.01 <lambda> 0.90 <p2g_scale_offset> 0.75
2023-03-09 16:48:32,764: Weights:[0.0905, 0.02260146044364185, 1.0, 1.0, 1.0, 0.0905, 0.00999995475, 0.019095]
2023-03-09 16:48:32,764:  
2023-03-09 16:49:56,752: Finished backprop iter 190 in 7.81 seconds.
2023-03-09 16:49:56,754: Loss: 149.62. <p_g> 2.50 <p_x> 0.36 <x_gen> 68.91 <x_g> 68.91 <x_p> 5.07 <g> 0.00 <reg_g> 1.22 <reg_p> 2.66
2023-03-09 16:49:56,756: Accuracy: <p> 100.00% <g> 13.44% <gt> 13.44%
2023-03-09 16:49:56,770: Parameters: <max_hebb> 0.01 <eta> 0.01 <lambda> 0.95 <p2g_scale_offset> 0.74
2023-03-09 16:49:56,771: Weights:[0.0955, 0.024755997128104293, 1.0, 1.0, 1.0, 0.0955, 0.009999952250000001, 0.019045000000000003]
2023-03-09 16:49:56,771:  
2023-03-09 16:51:20,363: Finished backprop iter 200 in 7.81 seconds.
2023-03-09 16:51:20,366: Loss: 154.00. <p_g> 2.28 <p_x> 0.21 <x_gen> 71.05 <x_g> 71.05 <x_p> 5.79 <g> 0.00 <reg_g> 1.15 <reg_p> 2.46
2023-03-09 16:51:20,367: Accuracy: <p> 100.00% <g> 9.38% <gt> 9.38%
2023-03-09 16:51:20,381: Parameters: <max_hebb> 0.04 <eta> 0.01 <lambda> 1.00 <p2g_scale_offset> 0.73
2023-03-09 16:51:20,382: Weights:[0.1005, 0.02702861284768451, 1.0, 1.0, 1.0, 0.1005, 0.00999994975, 0.018995]
2023-03-09 16:51:20,382:  
2023-03-09 16:52:43,501: Finished backprop iter 210 in 7.76 seconds.
2023-03-09 16:52:43,503: Loss: 160.82. <p_g> 2.21 <p_x> 0.19 <x_gen> 73.72 <x_g> 73.72 <x_p> 7.62 <g> 0.00 <reg_g> 1.17 <reg_p> 2.18
2023-03-09 16:52:43,505: Accuracy: <p> 100.00% <g> 7.81% <gt> 7.81%
2023-03-09 16:52:43,511: Parameters: <max_hebb> 0.10 <eta> 0.01 <lambda> 1.00 <p2g_scale_offset> 0.72
2023-03-09 16:52:43,514: Weights:[0.1055, 0.029422348718587947, 1.0, 1.0, 1.0, 0.1055, 0.00999994725, 0.018945]
2023-03-09 16:52:43,516:  
2023-03-09 16:54:06,152: Finished backprop iter 220 in 7.68 seconds.
2023-03-09 16:54:06,154: Loss: 166.06. <p_g> 1.99 <p_x> 0.20 <x_gen> 75.11 <x_g> 75.11 <x_p> 10.76 <g> 0.00 <reg_g> 1.03 <reg_p> 1.85
2023-03-09 16:54:06,156: Accuracy: <p> 100.00% <g> 6.56% <gt> 6.56%
2023-03-09 16:54:06,166: Parameters: <max_hebb> 0.15 <eta> 0.01 <lambda> 1.00 <p2g_scale_offset> 0.71
2023-03-09 16:54:06,168: Weights:[0.1105, 0.03194007995993707, 1.0, 1.0, 1.0, 0.1105, 0.009999944750000002, 0.018895]
2023-03-09 16:54:06,168:  
2023-03-09 16:55:28,289: Finished backprop iter 230 in 7.66 seconds.
2023-03-09 16:55:28,293: Loss: 164.45. <p_g> 1.91 <p_x> 0.20 <x_gen> 74.08 <x_g> 74.07 <x_p> 11.36 <g> 0.00 <reg_g> 1.09 <reg_p> 1.74
2023-03-09 16:55:28,295: Accuracy: <p> 100.00% <g> 8.75% <gt> 8.75%
2023-03-09 16:55:28,302: Parameters: <max_hebb> 0.21 <eta> 0.01 <lambda> 1.00 <p2g_scale_offset> 0.70
2023-03-09 16:55:28,304: Weights:[0.1155, 0.03458449504425613, 1.0, 1.0, 1.0, 0.1155, 0.009999942250000001, 0.018845]
2023-03-09 16:55:28,307:  
2023-03-09 16:56:50,122: Finished backprop iter 240 in 7.58 seconds.
2023-03-09 16:56:50,123: Loss: 169.08. <p_g> 1.81 <p_x> 0.22 <x_gen> 75.00 <x_g> 74.99 <x_p> 14.34 <g> 0.00 <reg_g> 1.16 <reg_p> 1.56
2023-03-09 16:56:50,125: Accuracy: <p> 100.00% <g> 9.69% <gt> 9.69%
2023-03-09 16:56:50,138: Parameters: <max_hebb> 0.26 <eta> 0.01 <lambda> 1.00 <p2g_scale_offset> 0.69
2023-03-09 16:56:50,139: Weights:[0.1205, 0.037358075024122694, 1.0, 1.0, 1.0, 0.1205, 0.00999993975, 0.018795]
2023-03-09 16:56:50,141:  
2023-03-09 16:58:11,898: Finished backprop iter 250 in 7.73 seconds.
2023-03-09 16:58:11,899: Loss: 172.70. <p_g> 1.59 <p_x> 0.32 <x_gen> 74.17 <x_g> 74.17 <x_p> 19.10 <g> 0.00 <reg_g> 2.03 <reg_p> 1.32
2023-03-09 16:58:11,901: Accuracy: <p> 100.00% <g> 9.38% <gt> 9.38%
2023-03-09 16:58:11,914: Parameters: <max_hebb> 0.28 <eta> 0.01 <lambda> 1.00 <p2g_scale_offset> 0.68
2023-03-09 16:58:11,916: Weights:[0.1255, 0.040263073253488185, 1.0, 1.0, 1.0, 0.1255, 0.00999993725, 0.018745]
2023-03-09 16:58:11,918:  
2023-03-09 16:59:33,913: Finished backprop iter 260 in 7.62 seconds.
2023-03-09 16:59:33,916: Loss: 167.23. <p_g> 1.86 <p_x> 0.37 <x_gen> 73.28 <x_g> 73.28 <x_p> 14.36 <g> 0.00 <reg_g> 2.65 <reg_p> 1.42
2023-03-09 16:59:33,918: Accuracy: <p> 100.00% <g> 10.00% <gt> 10.00%
2023-03-09 16:59:33,931: Parameters: <max_hebb> 0.31 <eta> 0.01 <lambda> 1.00 <p2g_scale_offset> 0.67
2023-03-09 16:59:33,934: Weights:[0.1305, 0.043301495732054315, 1.0, 1.0, 1.0, 0.1305, 0.00999993475, 0.018695]
2023-03-09 16:59:33,936:  
2023-03-09 17:00:56,545: Finished backprop iter 270 in 7.59 seconds.
2023-03-09 17:00:56,547: Loss: 170.18. <p_g> 2.11 <p_x> 0.42 <x_gen> 75.42 <x_g> 75.42 <x_p> 12.17 <g> 0.00 <reg_g> 3.16 <reg_p> 1.47
2023-03-09 17:00:56,549: Accuracy: <p> 100.00% <g> 10.31% <gt> 10.31%
2023-03-09 17:00:56,562: Parameters: <max_hebb> 0.32 <eta> 0.01 <lambda> 1.00 <p2g_scale_offset> 0.66
2023-03-09 17:00:56,565: Weights:[0.1355, 0.04647508230774091, 1.0, 1.0, 1.0, 0.1355, 0.00999993225, 0.018645000000000002]
2023-03-09 17:00:56,567:  
2023-03-09 17:02:18,573: Finished backprop iter 280 in 7.58 seconds.
2023-03-09 17:02:18,576: Loss: 163.50. <p_g> 1.99 <p_x> 0.47 <x_gen> 72.21 <x_g> 72.21 <x_p> 12.39 <g> 0.00 <reg_g> 2.82 <reg_p> 1.41
2023-03-09 17:02:18,578: Accuracy: <p> 100.00% <g> 12.81% <gt> 12.81%
2023-03-09 17:02:18,584: Parameters: <max_hebb> 0.33 <eta> 0.01 <lambda> 1.00 <p2g_scale_offset> 0.65
2023-03-09 17:02:18,587: Weights:[0.1405, 0.04978528897527575, 1.0, 1.0, 1.0, 0.1405, 0.009999929749999999, 0.018595]
2023-03-09 17:02:18,589:  
2023-03-09 17:03:41,208: Finished backprop iter 290 in 7.69 seconds.
2023-03-09 17:03:41,211: Loss: 167.73. <p_g> 2.24 <p_x> 0.45 <x_gen> 74.90 <x_g> 74.90 <x_p> 10.89 <g> 0.00 <reg_g> 2.91 <reg_p> 1.45
2023-03-09 17:03:41,214: Accuracy: <p> 100.00% <g> 13.44% <gt> 13.44%
2023-03-09 17:03:41,227: Parameters: <max_hebb> 0.34 <eta> 0.01 <lambda> 1.00 <p2g_scale_offset> 0.63
2023-03-09 17:03:41,229: Weights:[0.1455, 0.05323327150792849, 1.0, 1.0, 1.0, 0.1455, 0.00999992725, 0.018545000000000002]
2023-03-09 17:03:41,230:  
2023-03-09 17:05:03,491: Finished backprop iter 300 in 7.59 seconds.
2023-03-09 17:05:03,492: Loss: 167.34. <p_g> 1.84 <p_x> 0.46 <x_gen> 71.87 <x_g> 71.87 <x_p> 15.83 <g> 0.00 <reg_g> 4.17 <reg_p> 1.30
2023-03-09 17:05:03,494: Accuracy: <p> 100.00% <g> 16.56% <gt> 16.56%
2023-03-09 17:05:03,502: Parameters: <max_hebb> 0.35 <eta> 0.01 <lambda> 1.00 <p2g_scale_offset> 0.62
2023-03-09 17:05:03,502: Weights:[0.1505, 0.056819870654120884, 1.0, 1.0, 1.0, 0.1505, 0.00999992475, 0.018495]
2023-03-09 17:05:03,504:  
2023-03-09 17:06:25,535: Finished backprop iter 310 in 7.96 seconds.
2023-03-09 17:06:25,536: Loss: 167.12. <p_g> 2.27 <p_x> 0.46 <x_gen> 74.33 <x_g> 74.33 <x_p> 11.32 <g> 0.00 <reg_g> 2.95 <reg_p> 1.46
2023-03-09 17:06:25,536: Accuracy: <p> 100.00% <g> 14.37% <gt> 14.37%
2023-03-09 17:06:25,544: Parameters: <max_hebb> 0.35 <eta> 0.01 <lambda> 1.00 <p2g_scale_offset> 0.61
2023-03-09 17:06:25,546: Weights:[0.1555, 0.06054559912089597, 1.0, 1.0, 1.0, 0.1555, 0.00999992225, 0.018445]
2023-03-09 17:06:25,548:  
2023-03-09 17:07:47,011: Finished backprop iter 320 in 7.70 seconds.
2023-03-09 17:07:47,017: Loss: 161.34. <p_g> 1.87 <p_x> 0.50 <x_gen> 69.78 <x_g> 69.77 <x_p> 14.73 <g> 0.00 <reg_g> 3.36 <reg_p> 1.33
2023-03-09 17:07:47,018: Accuracy: <p> 100.00% <g> 16.88% <gt> 16.88%
2023-03-09 17:07:47,026: Parameters: <max_hebb> 0.35 <eta> 0.01 <lambda> 1.00 <p2g_scale_offset> 0.60
2023-03-09 17:07:47,028: Weights:[0.1605, 0.06441063055195145, 1.0, 1.0, 1.0, 0.1605, 0.00999991975, 0.018394999999999998]
2023-03-09 17:07:47,029:  
2023-03-09 17:09:09,383: Finished backprop iter 330 in 7.70 seconds.
2023-03-09 17:09:09,386: Loss: 166.27. <p_g> 2.11 <p_x> 0.62 <x_gen> 72.80 <x_g> 72.74 <x_p> 13.47 <g> 0.00 <reg_g> 3.12 <reg_p> 1.42
2023-03-09 17:09:09,387: Accuracy: <p> 100.00% <g> 15.00% <gt> 15.00%
2023-03-09 17:09:09,398: Parameters: <max_hebb> 0.35 <eta> 0.01 <lambda> 1.00 <p2g_scale_offset> 0.59
2023-03-09 17:09:09,400: Weights:[0.1655, 0.06841479068918187, 1.0, 1.0, 1.0, 0.1655, 0.00999991725, 0.018345]
2023-03-09 17:09:09,402:  
2023-03-09 17:10:32,053: Finished backprop iter 340 in 7.59 seconds.
2023-03-09 17:10:32,054: Loss: 160.15. <p_g> 1.85 <p_x> 0.52 <x_gen> 69.02 <x_g> 69.00 <x_p> 15.37 <g> 0.00 <reg_g> 3.17 <reg_p> 1.21
2023-03-09 17:10:32,056: Accuracy: <p> 100.00% <g> 18.44% <gt> 18.44%
2023-03-09 17:10:32,064: Parameters: <max_hebb> 0.36 <eta> 0.01 <lambda> 1.00 <p2g_scale_offset> 0.57
2023-03-09 17:10:32,065: Weights:[0.1705, 0.07255755088361214, 1.0, 1.0, 1.0, 0.1705, 0.00999991475, 0.018295]
2023-03-09 17:10:32,067:  
2023-03-09 17:11:54,104: Finished backprop iter 350 in 7.56 seconds.
2023-03-09 17:11:54,105: Loss: 174.27. <p_g> 2.25 <p_x> 0.62 <x_gen> 76.91 <x_g> 76.68 <x_p> 13.64 <g> 0.02 <reg_g> 2.76 <reg_p> 1.40
2023-03-09 17:11:54,107: Accuracy: <p> 100.00% <g> 17.19% <gt> 16.88%
2023-03-09 17:11:54,120: Parameters: <max_hebb> 0.37 <eta> 0.01 <lambda> 1.00 <p2g_scale_offset> 0.56
2023-03-09 17:11:54,122: Weights:[0.1755, 0.07683802409454243, 1.0, 1.0, 1.0, 0.1755, 0.009999912250000001, 0.018245]
2023-03-09 17:11:54,124:  
2023-03-09 17:13:15,318: Finished backprop iter 360 in 7.71 seconds.
2023-03-09 17:13:15,319: Loss: 159.59. <p_g> 2.08 <p_x> 0.65 <x_gen> 70.47 <x_g> 70.17 <x_p> 12.35 <g> 0.03 <reg_g> 2.62 <reg_p> 1.22
2023-03-09 17:13:15,320: Accuracy: <p> 100.00% <g> 22.50% <gt> 21.88%
2023-03-09 17:13:15,327: Parameters: <max_hebb> 0.37 <eta> 0.01 <lambda> 1.00 <p2g_scale_offset> 0.55
2023-03-09 17:13:15,328: Weights:[0.1805, 0.08125496348509773, 1.0, 1.0, 1.0, 0.1805, 0.009999909750000001, 0.018195000000000003]
2023-03-09 17:13:15,329:  
2023-03-09 17:14:37,147: Finished backprop iter 370 in 7.69 seconds.
2023-03-09 17:14:37,150: Loss: 160.24. <p_g> 2.12 <p_x> 0.59 <x_gen> 70.88 <x_g> 70.23 <x_p> 12.60 <g> 0.02 <reg_g> 2.60 <reg_p> 1.20
2023-03-09 17:14:37,153: Accuracy: <p> 100.00% <g> 25.00% <gt> 24.69%
2023-03-09 17:14:37,161: Parameters: <max_hebb> 0.37 <eta> 0.01 <lambda> 1.00 <p2g_scale_offset> 0.54
2023-03-09 17:14:37,163: Weights:[0.1855, 0.08580676368873445, 1.0, 1.0, 1.0, 0.1855, 0.00999990725, 0.018145]
2023-03-09 17:14:37,165:  
2023-03-09 17:15:59,398: Finished backprop iter 380 in 7.72 seconds.
2023-03-09 17:15:59,399: Loss: 174.14. <p_g> 2.33 <p_x> 0.60 <x_gen> 77.40 <x_g> 76.91 <x_p> 13.27 <g> 0.02 <reg_g> 2.46 <reg_p> 1.15
2023-03-09 17:15:59,400: Accuracy: <p> 100.00% <g> 16.25% <gt> 16.56%
2023-03-09 17:15:59,415: Parameters: <max_hebb> 0.38 <eta> 0.01 <lambda> 1.00 <p2g_scale_offset> 0.52
2023-03-09 17:15:59,418: Weights:[0.1905, 0.09049146478526193, 1.0, 1.0, 1.0, 0.1905, 0.00999990475, 0.018095]
2023-03-09 17:15:59,420:  
2023-03-09 17:17:21,104: Finished backprop iter 390 in 7.63 seconds.
2023-03-09 17:17:21,107: Loss: 172.00. <p_g> 2.22 <p_x> 0.69 <x_gen> 75.48 <x_g> 75.41 <x_p> 14.56 <g> 0.13 <reg_g> 2.41 <reg_p> 1.11
2023-03-09 17:17:21,107: Accuracy: <p> 100.00% <g> 19.38% <gt> 20.31%
2023-03-09 17:17:21,116: Parameters: <max_hebb> 0.39 <eta> 0.01 <lambda> 1.00 <p2g_scale_offset> 0.51
2023-03-09 17:17:21,119: Weights:[0.1955, 0.09530675898733688, 1.0, 1.0, 1.0, 0.1955, 0.00999990225, 0.018045000000000002]
2023-03-09 17:17:21,121:  
2023-03-09 17:18:44,164: Finished backprop iter 400 in 7.91 seconds.
2023-03-09 17:18:44,166: Loss: 168.53. <p_g> 2.29 <p_x> 0.74 <x_gen> 74.53 <x_g> 73.92 <x_p> 13.35 <g> 0.06 <reg_g> 2.51 <reg_p> 1.13
2023-03-09 17:18:44,168: Accuracy: <p> 100.00% <g> 16.56% <gt> 15.94%
2023-03-09 17:18:44,178: Parameters: <max_hebb> 0.39 <eta> 0.01 <lambda> 1.00 <p2g_scale_offset> 0.50
2023-03-09 17:18:44,181: Weights:[0.2005, 0.10025, 1.0, 1.0, 1.0, 0.2005, 0.00999989975, 0.017995]
2023-03-09 17:18:44,181:  
2023-03-09 17:20:06,730: Finished backprop iter 410 in 7.58 seconds.
2023-03-09 17:20:06,732: Loss: 166.68. <p_g> 2.17 <p_x> 0.71 <x_gen> 73.02 <x_g> 72.60 <x_p> 14.67 <g> 0.05 <reg_g> 2.40 <reg_p> 1.07
2023-03-09 17:20:06,735: Accuracy: <p> 100.00% <g> 20.62% <gt> 20.62%
2023-03-09 17:20:06,741: Parameters: <max_hebb> 0.40 <eta> 0.01 <lambda> 1.00 <p2g_scale_offset> 0.49
2023-03-09 17:20:06,743: Weights:[0.2055, 0.10531821497750522, 1.0, 1.0, 1.0, 0.2055, 0.00999989725, 0.017945]
2023-03-09 17:20:06,744:  
2023-03-09 17:21:29,025: Finished backprop iter 420 in 7.59 seconds.
2023-03-09 17:21:29,027: Loss: 166.94. <p_g> 2.19 <p_x> 0.75 <x_gen> 72.76 <x_g> 72.76 <x_p> 15.01 <g> 0.04 <reg_g> 2.35 <reg_p> 1.08
2023-03-09 17:21:29,029: Accuracy: <p> 100.00% <g> 24.38% <gt> 24.69%
2023-03-09 17:21:29,036: Parameters: <max_hebb> 0.42 <eta> 0.01 <lambda> 1.00 <p2g_scale_offset> 0.48
2023-03-09 17:21:29,037: Weights:[0.2105, 0.11050811896431686, 1.0, 1.0, 1.0, 0.2105, 0.00999989475, 0.017895]
2023-03-09 17:21:29,039:  
2023-03-09 17:22:51,245: Finished backprop iter 430 in 7.68 seconds.
2023-03-09 17:22:51,248: Loss: 172.31. <p_g> 2.57 <p_x> 0.88 <x_gen> 75.37 <x_g> 75.28 <x_p> 14.07 <g> 0.04 <reg_g> 2.88 <reg_p> 1.22
2023-03-09 17:22:51,250: Accuracy: <p> 100.00% <g> 18.44% <gt> 18.44%
2023-03-09 17:22:51,259: Parameters: <max_hebb> 0.43 <eta> 0.01 <lambda> 1.00 <p2g_scale_offset> 0.46
2023-03-09 17:22:51,262: Weights:[0.2155, 0.11581613167157803, 1.0, 1.0, 1.0, 0.2155, 0.00999989225, 0.017845]
2023-03-09 17:22:51,263:  
2023-03-09 17:24:13,062: Finished backprop iter 440 in 7.56 seconds.
2023-03-09 17:24:13,066: Loss: 162.63. <p_g> 2.33 <p_x> 0.91 <x_gen> 71.12 <x_g> 70.83 <x_p> 13.79 <g> 0.04 <reg_g> 2.54 <reg_p> 1.09
2023-03-09 17:24:13,067: Accuracy: <p> 100.00% <g> 22.81% <gt> 23.44%
2023-03-09 17:24:13,075: Parameters: <max_hebb> 0.45 <eta> 0.01 <lambda> 1.00 <p2g_scale_offset> 0.45
2023-03-09 17:24:13,077: Weights:[0.2205, 0.12123839640740136, 1.0, 1.0, 1.0, 0.2205, 0.00999988975, 0.017795000000000002]
2023-03-09 17:24:13,078:  
2023-03-09 17:25:35,361: Finished backprop iter 450 in 7.61 seconds.
2023-03-09 17:25:35,364: Loss: 161.91. <p_g> 2.11 <p_x> 0.89 <x_gen> 69.91 <x_g> 69.76 <x_p> 15.73 <g> 0.08 <reg_g> 2.43 <reg_p> 1.00
2023-03-09 17:25:35,365: Accuracy: <p> 100.00% <g> 20.62% <gt> 19.69%
2023-03-09 17:25:35,377: Parameters: <max_hebb> 0.45 <eta> 0.01 <lambda> 1.00 <p2g_scale_offset> 0.44
2023-03-09 17:25:35,379: Weights:[0.2255, 0.12677080094974746, 1.0, 1.0, 1.0, 0.2255, 0.00999988725, 0.017745]
2023-03-09 17:25:35,381:  
2023-03-09 17:26:57,499: Finished backprop iter 460 in 8.13 seconds.
2023-03-09 17:26:57,500: Loss: 163.74. <p_g> 2.09 <p_x> 0.75 <x_gen> 70.91 <x_g> 70.71 <x_p> 15.99 <g> 0.07 <reg_g> 2.25 <reg_p> 0.97
2023-03-09 17:26:57,502: Accuracy: <p> 100.00% <g> 22.50% <gt> 22.50%
2023-03-09 17:26:57,511: Parameters: <max_hebb> 0.45 <eta> 0.01 <lambda> 1.00 <p2g_scale_offset> 0.43
2023-03-09 17:26:57,513: Weights:[0.2305, 0.13240900012508738, 1.0, 1.0, 1.0, 0.2305, 0.00999988475, 0.017695000000000002]
2023-03-09 17:26:57,515:  
2023-03-09 17:28:18,800: Finished backprop iter 470 in 7.61 seconds.
2023-03-09 17:28:18,802: Loss: 167.45. <p_g> 2.04 <p_x> 0.92 <x_gen> 72.47 <x_g> 72.35 <x_p> 16.56 <g> 0.07 <reg_g> 2.10 <reg_p> 0.94
2023-03-09 17:28:18,802: Accuracy: <p> 100.00% <g> 16.56% <gt> 15.94%
2023-03-09 17:28:18,815: Parameters: <max_hebb> 0.47 <eta> 0.01 <lambda> 1.00 <p2g_scale_offset> 0.41
2023-03-09 17:28:18,815: Weights:[0.2355, 0.13814843983503122, 1.0, 1.0, 1.0, 0.2355, 0.00999988225, 0.017645]
2023-03-09 17:28:18,817:  
2023-03-09 17:29:41,296: Finished backprop iter 480 in 7.72 seconds.
2023-03-09 17:29:41,298: Loss: 155.45. <p_g> 1.92 <p_x> 0.77 <x_gen> 66.93 <x_g> 66.84 <x_p> 15.83 <g> 0.06 <reg_g> 2.16 <reg_p> 0.96
2023-03-09 17:29:41,298: Accuracy: <p> 100.00% <g> 25.00% <gt> 25.00%
2023-03-09 17:29:41,310: Parameters: <max_hebb> 0.48 <eta> 0.02 <lambda> 1.00 <p2g_scale_offset> 0.40
2023-03-09 17:29:41,311: Weights:[0.2405, 0.1439843822570447, 1.0, 1.0, 1.0, 0.2405, 0.009999879750000001, 0.017595]
2023-03-09 17:29:41,312:  
2023-03-09 17:31:03,788: Finished backprop iter 490 in 8.15 seconds.
2023-03-09 17:31:03,788: Loss: 161.38. <p_g> 2.21 <p_x> 0.89 <x_gen> 70.66 <x_g> 70.33 <x_p> 14.05 <g> 0.07 <reg_g> 2.19 <reg_p> 0.98
2023-03-09 17:31:03,790: Accuracy: <p> 100.00% <g> 21.25% <gt> 20.94%
2023-03-09 17:31:03,798: Parameters: <max_hebb> 0.49 <eta> 0.02 <lambda> 1.00 <p2g_scale_offset> 0.39
2023-03-09 17:31:03,799: Weights:[0.2455, 0.14991193193453398, 1.0, 1.0, 1.0, 0.2455, 0.00999987725, 0.017545]
2023-03-09 17:31:03,799:  
2023-03-09 17:32:25,166: Finished backprop iter 500 in 7.59 seconds.
2023-03-09 17:32:25,169: Loss: 156.16. <p_g> 2.15 <p_x> 0.89 <x_gen> 68.55 <x_g> 68.32 <x_p> 13.16 <g> 0.06 <reg_g> 2.02 <reg_p> 1.00
2023-03-09 17:32:25,170: Accuracy: <p> 100.00% <g> 26.25% <gt> 26.88%
2023-03-09 17:32:25,177: Parameters: <max_hebb> 0.50 <eta> 0.02 <lambda> 1.00 <p2g_scale_offset> 0.38
2023-03-09 17:32:25,179: Weights:[0.2505, 0.15592606246606458, 1.0, 1.0, 1.0, 0.2505, 0.00999987475, 0.017495]
2023-03-09 17:32:25,181:  
2023-03-09 17:33:46,870: Finished backprop iter 510 in 7.67 seconds.
2023-03-09 17:33:46,872: Loss: 163.92. <p_g> 2.11 <p_x> 0.97 <x_gen> 71.13 <x_g> 70.85 <x_p> 15.76 <g> 0.15 <reg_g> 2.05 <reg_p> 0.90
2023-03-09 17:33:46,873: Accuracy: <p> 100.00% <g> 20.94% <gt> 20.94%
2023-03-09 17:33:46,882: Parameters: <max_hebb> 0.50 <eta> 0.02 <lambda> 1.00 <p2g_scale_offset> 0.37
2023-03-09 17:33:46,884: Weights:[0.2555, 0.16202164350325957, 1.0, 1.0, 1.0, 0.2555, 0.00999987225, 0.017445]
2023-03-09 17:33:46,885:  
2023-03-09 17:35:08,518: Finished backprop iter 520 in 7.64 seconds.
2023-03-09 17:35:08,521: Loss: 159.81. <p_g> 2.06 <p_x> 0.94 <x_gen> 68.89 <x_g> 68.95 <x_p> 15.68 <g> 0.12 <reg_g> 2.27 <reg_p> 0.90
2023-03-09 17:35:08,523: Accuracy: <p> 100.00% <g> 28.75% <gt> 28.75%
2023-03-09 17:35:08,530: Parameters: <max_hebb> 0.51 <eta> 0.02 <lambda> 1.00 <p2g_scale_offset> 0.35
2023-03-09 17:35:08,530: Weights:[0.2605, 0.1681934677718197, 1.0, 1.0, 1.0, 0.2605, 0.00999986975, 0.017395]
2023-03-09 17:35:08,530:  
2023-03-09 17:36:29,950: Finished backprop iter 530 in 7.65 seconds.
2023-03-09 17:36:29,951: Loss: 174.37. <p_g> 2.53 <p_x> 1.19 <x_gen> 77.16 <x_g> 76.78 <x_p> 13.49 <g> 0.13 <reg_g> 2.16 <reg_p> 0.93
2023-03-09 17:36:29,953: Accuracy: <p> 100.00% <g> 17.50% <gt> 18.12%
2023-03-09 17:36:29,963: Parameters: <max_hebb> 0.52 <eta> 0.02 <lambda> 1.00 <p2g_scale_offset> 0.34
2023-03-09 17:36:29,964: Weights:[0.2655, 0.17443627783981394, 1.0, 1.0, 1.0, 0.2655, 0.00999986725, 0.017345]
2023-03-09 17:36:29,964:  
2023-03-09 17:37:52,346: Finished backprop iter 540 in 8.10 seconds.
2023-03-09 17:37:52,348: Loss: 162.19. <p_g> 1.94 <p_x> 0.88 <x_gen> 69.82 <x_g> 69.98 <x_p> 16.76 <g> 0.12 <reg_g> 1.87 <reg_p> 0.83
2023-03-09 17:37:52,350: Accuracy: <p> 100.00% <g> 21.56% <gt> 21.88%
2023-03-09 17:37:52,363: Parameters: <max_hebb> 0.52 <eta> 0.02 <lambda> 1.00 <p2g_scale_offset> 0.33
2023-03-09 17:37:52,366: Weights:[0.2705, 0.18074479237148897, 1.0, 1.0, 1.0, 0.2705, 0.00999986475, 0.017295]
2023-03-09 17:37:52,368:  
2023-03-09 17:39:14,409: Finished backprop iter 550 in 7.68 seconds.
2023-03-09 17:39:14,411: Loss: 163.85. <p_g> 2.17 <p_x> 1.06 <x_gen> 71.54 <x_g> 71.64 <x_p> 14.51 <g> 0.11 <reg_g> 1.95 <reg_p> 0.86
2023-03-09 17:39:14,411: Accuracy: <p> 100.00% <g> 20.94% <gt> 20.94%
2023-03-09 17:39:14,422: Parameters: <max_hebb> 0.52 <eta> 0.02 <lambda> 1.00 <p2g_scale_offset> 0.32
2023-03-09 17:39:14,422: Weights:[0.2755, 0.18711373162282077, 1.0, 1.0, 1.0, 0.2755, 0.00999986225, 0.017245]
2023-03-09 17:39:14,422:  
2023-03-09 17:40:36,732: Finished backprop iter 560 in 7.67 seconds.
2023-03-09 17:40:36,732: Loss: 165.32. <p_g> 2.08 <p_x> 1.01 <x_gen> 71.85 <x_g> 71.86 <x_p> 15.77 <g> 0.08 <reg_g> 1.84 <reg_p> 0.83
2023-03-09 17:40:36,734: Accuracy: <p> 100.00% <g> 25.62% <gt> 25.62%
2023-03-09 17:40:36,748: Parameters: <max_hebb> 0.53 <eta> 0.02 <lambda> 1.00 <p2g_scale_offset> 0.31
2023-03-09 17:40:36,749: Weights:[0.2805, 0.19353784195629534, 1.0, 1.0, 1.0, 0.2805, 0.00999985975, 0.017195000000000002]
2023-03-09 17:40:36,750:  
2023-03-09 17:41:58,589: Finished backprop iter 570 in 7.76 seconds.
2023-03-09 17:41:58,592: Loss: 150.29. <p_g> 2.05 <p_x> 1.05 <x_gen> 65.36 <x_g> 65.42 <x_p> 13.52 <g> 0.10 <reg_g> 1.91 <reg_p> 0.87
2023-03-09 17:41:58,594: Accuracy: <p> 100.00% <g> 25.94% <gt> 25.94%
2023-03-09 17:41:58,604: Parameters: <max_hebb> 0.53 <eta> 0.02 <lambda> 1.00 <p2g_scale_offset> 0.30
2023-03-09 17:41:58,606: Weights:[0.2855, 0.20001191917631927, 1.0, 1.0, 1.0, 0.2855, 0.00999985725, 0.017145]
2023-03-09 17:41:58,607:  
2023-03-09 17:43:20,782: Finished backprop iter 580 in 7.60 seconds.
2023-03-09 17:43:20,785: Loss: 167.59. <p_g> 2.43 <p_x> 1.21 <x_gen> 73.80 <x_g> 73.65 <x_p> 13.67 <g> 0.07 <reg_g> 1.89 <reg_p> 0.87
2023-03-09 17:43:20,787: Accuracy: <p> 100.00% <g> 21.56% <gt> 21.56%
2023-03-09 17:43:20,798: Parameters: <max_hebb> 0.54 <eta> 0.02 <lambda> 1.00 <p2g_scale_offset> 0.29
2023-03-09 17:43:20,800: Weights:[0.2905, 0.20653083051256366, 1.0, 1.0, 1.0, 0.2905, 0.00999985475, 0.017095]
2023-03-09 17:43:20,801:  
2023-03-09 17:44:42,431: Finished backprop iter 590 in 7.69 seconds.
2023-03-09 17:44:42,434: Loss: 159.49. <p_g> 1.92 <p_x> 0.96 <x_gen> 69.17 <x_g> 69.18 <x_p> 15.90 <g> 0.02 <reg_g> 1.54 <reg_p> 0.79
2023-03-09 17:44:42,435: Accuracy: <p> 100.00% <g> 21.56% <gt> 21.88%
2023-03-09 17:44:42,446: Parameters: <max_hebb> 0.55 <eta> 0.02 <lambda> 1.00 <p2g_scale_offset> 0.28
2023-03-09 17:44:42,448: Weights:[0.2955, 0.21308953510575604, 1.0, 1.0, 1.0, 0.2955, 0.00999985225, 0.017045]
2023-03-09 17:44:42,450:  
2023-03-09 17:46:04,849: Finished backprop iter 600 in 7.68 seconds.
2023-03-09 17:46:04,849: Loss: 174.26. <p_g> 2.40 <p_x> 1.17 <x_gen> 77.08 <x_g> 76.91 <x_p> 14.05 <g> 0.08 <reg_g> 1.73 <reg_p> 0.85
2023-03-09 17:46:04,849: Accuracy: <p> 100.00% <g> 19.69% <gt> 19.38%
2023-03-09 17:46:04,863: Parameters: <max_hebb> 0.56 <eta> 0.02 <lambda> 1.00 <p2g_scale_offset> 0.27
2023-03-09 17:46:04,865: Weights:[0.3005, 0.21968310287831647, 1.0, 1.0, 1.0, 0.3005, 0.009999849750000001, 0.016995]
2023-03-09 17:46:04,867:  
2023-03-09 17:47:26,713: Finished backprop iter 610 in 8.14 seconds.
2023-03-09 17:47:26,714: Loss: 171.51. <p_g> 2.05 <p_x> 0.99 <x_gen> 74.50 <x_g> 74.46 <x_p> 17.32 <g> 0.02 <reg_g> 1.42 <reg_p> 0.75
2023-03-09 17:47:26,716: Accuracy: <p> 100.00% <g> 18.12% <gt> 18.44%
2023-03-09 17:47:26,727: Parameters: <max_hebb> 0.56 <eta> 0.02 <lambda> 1.00 <p2g_scale_offset> 0.26
2023-03-09 17:47:26,728: Weights:[0.3055, 0.22630673170014803, 1.0, 1.0, 1.0, 0.3055, 0.00999984725, 0.016945]
2023-03-09 17:47:26,731:  
2023-03-09 17:48:49,711: Finished backprop iter 620 in 7.70 seconds.
2023-03-09 17:48:49,713: Loss: 158.11. <p_g> 2.11 <p_x> 1.06 <x_gen> 69.69 <x_g> 69.26 <x_p> 13.48 <g> 0.08 <reg_g> 1.62 <reg_p> 0.81
2023-03-09 17:48:49,715: Accuracy: <p> 100.00% <g> 27.19% <gt> 26.56%
2023-03-09 17:48:49,724: Parameters: <max_hebb> 0.57 <eta> 0.02 <lambda> 1.00 <p2g_scale_offset> 0.25
2023-03-09 17:48:49,726: Weights:[0.3105, 0.23295576278728405, 1.0, 1.0, 1.0, 0.3105, 0.00999984475, 0.016895]
2023-03-09 17:48:49,728:  
2023-03-09 17:50:11,634: Finished backprop iter 630 in 7.62 seconds.
2023-03-09 17:50:11,637: Loss: 157.35. <p_g> 2.20 <p_x> 1.13 <x_gen> 69.21 <x_g> 69.16 <x_p> 13.21 <g> 0.05 <reg_g> 1.57 <reg_p> 0.82
2023-03-09 17:50:11,639: Accuracy: <p> 100.00% <g> 27.19% <gt> 27.19%
2023-03-09 17:50:11,647: Parameters: <max_hebb> 0.58 <eta> 0.02 <lambda> 1.00 <p2g_scale_offset> 0.24
2023-03-09 17:50:11,647: Weights:[0.3155, 0.2396256942974445, 1.0, 1.0, 1.0, 0.3155, 0.00999984225, 0.016845]
2023-03-09 17:50:11,648:  
2023-03-09 17:51:33,391: Finished backprop iter 640 in 7.56 seconds.
2023-03-09 17:51:33,395: Loss: 148.74. <p_g> 1.89 <p_x> 0.99 <x_gen> 64.67 <x_g> 64.51 <x_p> 14.43 <g> 0.03 <reg_g> 1.45 <reg_p> 0.78
2023-03-09 17:51:33,398: Accuracy: <p> 100.00% <g> 31.56% <gt> 31.87%
2023-03-09 17:51:33,407: Parameters: <max_hebb> 0.59 <eta> 0.02 <lambda> 1.00 <p2g_scale_offset> 0.23
2023-03-09 17:51:33,407: Weights:[0.3205, 0.24631219311143515, 1.0, 1.0, 1.0, 0.3205, 0.009999839750000001, 0.016795]
2023-03-09 17:51:33,407:  
2023-03-09 17:52:56,045: Finished backprop iter 650 in 7.67 seconds.
2023-03-09 17:52:56,047: Loss: 162.82. <p_g> 2.23 <p_x> 1.12 <x_gen> 72.17 <x_g> 71.91 <x_p> 13.13 <g> 0.02 <reg_g> 1.44 <reg_p> 0.80
2023-03-09 17:52:56,050: Accuracy: <p> 100.00% <g> 25.00% <gt> 25.31%
2023-03-09 17:52:56,062: Parameters: <max_hebb> 0.59 <eta> 0.02 <lambda> 1.00 <p2g_scale_offset> 0.22
2023-03-09 17:52:56,064: Weights:[0.3255, 0.253011104812362, 1.0, 1.0, 1.0, 0.3255, 0.009999837250000001, 0.016745000000000003]
2023-03-09 17:52:56,065:  
2023-03-09 17:54:17,591: Finished backprop iter 660 in 7.66 seconds.
2023-03-09 17:54:17,594: Loss: 167.05. <p_g> 1.89 <p_x> 1.01 <x_gen> 72.41 <x_g> 72.38 <x_p> 17.35 <g> 0.02 <reg_g> 1.27 <reg_p> 0.70
2023-03-09 17:54:17,597: Accuracy: <p> 100.00% <g> 22.50% <gt> 22.50%
2023-03-09 17:54:17,607: Parameters: <max_hebb> 0.60 <eta> 0.02 <lambda> 1.00 <p2g_scale_offset> 0.21
2023-03-09 17:54:17,609: Weights:[0.3305, 0.25971846189556563, 1.0, 1.0, 1.0, 0.3305, 0.00999983475, 0.016695]
2023-03-09 17:54:17,611:  
2023-03-09 17:55:39,626: Finished backprop iter 670 in 7.64 seconds.
2023-03-09 17:55:39,629: Loss: 163.11. <p_g> 1.80 <p_x> 0.84 <x_gen> 72.11 <x_g> 71.71 <x_p> 14.85 <g> 0.02 <reg_g> 1.05 <reg_p> 0.73
2023-03-09 17:55:39,631: Accuracy: <p> 100.00% <g> 21.88% <gt> 21.88%
2023-03-09 17:55:39,638: Parameters: <max_hebb> 0.60 <eta> 0.02 <lambda> 1.00 <p2g_scale_offset> 0.21
2023-03-09 17:55:39,638: Weights:[0.3355, 0.2664304902607822, 1.0, 1.0, 1.0, 0.3355, 0.00999983225, 0.016645]
2023-03-09 17:55:39,639:  
2023-03-09 17:57:01,759: Finished backprop iter 680 in 7.68 seconds.
2023-03-09 17:57:01,761: Loss: 153.81. <p_g> 2.01 <p_x> 0.97 <x_gen> 68.52 <x_g> 68.07 <x_p> 12.07 <g> 0.05 <reg_g> 1.34 <reg_p> 0.77
2023-03-09 17:57:01,762: Accuracy: <p> 100.00% <g> 27.81% <gt> 27.50%
2023-03-09 17:57:01,771: Parameters: <max_hebb> 0.60 <eta> 0.02 <lambda> 1.00 <p2g_scale_offset> 0.20
2023-03-09 17:57:01,772: Weights:[0.3405, 0.27314361405419707, 1.0, 1.0, 1.0, 0.3405, 0.00999982975, 0.016595]
2023-03-09 17:57:01,773:  
2023-03-09 17:58:23,469: Finished backprop iter 690 in 7.66 seconds.
2023-03-09 17:58:23,473: Loss: 170.96. <p_g> 1.56 <p_x> 0.92 <x_gen> 73.94 <x_g> 73.88 <x_p> 18.98 <g> 0.02 <reg_g> 1.05 <reg_p> 0.61
2023-03-09 17:58:23,474: Accuracy: <p> 100.00% <g> 14.06% <gt> 14.06%
2023-03-09 17:58:23,482: Parameters: <max_hebb> 0.61 <eta> 0.02 <lambda> 1.00 <p2g_scale_offset> 0.19
2023-03-09 17:58:23,483: Weights:[0.3455, 0.27985445894170935, 1.0, 1.0, 1.0, 0.3455, 0.00999982725, 0.016545]
2023-03-09 17:58:23,484:  
2023-03-09 17:59:44,498: Finished backprop iter 700 in 7.66 seconds.
2023-03-09 17:59:44,501: Loss: 166.71. <p_g> 2.20 <p_x> 1.20 <x_gen> 74.58 <x_g> 74.34 <x_p> 12.29 <g> 0.02 <reg_g> 1.33 <reg_p> 0.74
2023-03-09 17:59:44,502: Accuracy: <p> 100.00% <g> 20.94% <gt> 20.94%
2023-03-09 17:59:44,514: Parameters: <max_hebb> 0.62 <eta> 0.02 <lambda> 1.00 <p2g_scale_offset> 0.18
2023-03-09 17:59:44,517: Weights:[0.3505, 0.2865598539058721, 1.0, 1.0, 1.0, 0.3505, 0.00999982475, 0.016495]
2023-03-09 17:59:44,518:  
2023-03-09 18:01:06,737: Finished backprop iter 710 in 7.61 seconds.
2023-03-09 18:01:06,739: Loss: 165.65. <p_g> 1.93 <p_x> 1.02 <x_gen> 73.48 <x_g> 73.37 <x_p> 13.94 <g> 0.01 <reg_g> 1.21 <reg_p> 0.69
2023-03-09 18:01:06,741: Accuracy: <p> 100.00% <g> 19.38% <gt> 19.38%
2023-03-09 18:01:06,748: Parameters: <max_hebb> 0.62 <eta> 0.02 <lambda> 1.00 <p2g_scale_offset> 0.18
2023-03-09 18:01:06,750: Weights:[0.3555, 0.29325683166768385, 1.0, 1.0, 1.0, 0.3555, 0.00999982225, 0.016445]
2023-03-09 18:01:06,751:  
2023-03-09 18:02:28,118: Finished backprop iter 720 in 7.69 seconds.
2023-03-09 18:02:28,120: Loss: 148.70. <p_g> 1.68 <p_x> 1.00 <x_gen> 65.03 <x_g> 65.04 <x_p> 14.00 <g> 0.04 <reg_g> 1.24 <reg_p> 0.68
2023-03-09 18:02:28,121: Accuracy: <p> 100.00% <g> 27.81% <gt> 28.12%
2023-03-09 18:02:28,131: Parameters: <max_hebb> 0.62 <eta> 0.02 <lambda> 1.00 <p2g_scale_offset> 0.17
2023-03-09 18:02:28,131: Weights:[0.3605, 0.29994262784077974, 1.0, 1.0, 1.0, 0.3605, 0.00999981975, 0.016395]
2023-03-09 18:02:28,132:  
2023-03-09 18:03:50,668: Finished backprop iter 730 in 7.69 seconds.
2023-03-09 18:03:50,670: Loss: 158.90. <p_g> 2.23 <p_x> 1.15 <x_gen> 72.12 <x_g> 71.35 <x_p> 9.88 <g> 0.10 <reg_g> 1.28 <reg_p> 0.78
2023-03-09 18:03:50,672: Accuracy: <p> 100.00% <g> 26.88% <gt> 26.25%
2023-03-09 18:03:50,683: Parameters: <max_hebb> 0.62 <eta> 0.02 <lambda> 1.00 <p2g_scale_offset> 0.16
2023-03-09 18:03:50,685: Weights:[0.3655, 0.3066146789297581, 1.0, 1.0, 1.0, 0.3655, 0.009999817250000001, 0.016345000000000002]
2023-03-09 18:03:50,686:  
2023-03-09 18:05:12,516: Finished backprop iter 740 in 7.66 seconds.
2023-03-09 18:05:12,518: Loss: 147.31. <p_g> 1.93 <p_x> 1.04 <x_gen> 65.80 <x_g> 65.64 <x_p> 10.91 <g> 0.02 <reg_g> 1.25 <reg_p> 0.71
2023-03-09 18:05:12,519: Accuracy: <p> 100.00% <g> 30.94% <gt> 31.25%
2023-03-09 18:05:12,531: Parameters: <max_hebb> 0.62 <eta> 0.02 <lambda> 1.00 <p2g_scale_offset> 0.15
2023-03-09 18:05:12,533: Weights:[0.3705, 0.31327061928655037, 1.0, 1.0, 1.0, 0.3705, 0.00999981475, 0.016295]
2023-03-09 18:05:12,533:  
2023-03-09 18:06:34,673: Finished backprop iter 750 in 8.12 seconds.
2023-03-09 18:06:34,673: Loss: 157.39. <p_g> 1.73 <p_x> 0.99 <x_gen> 70.15 <x_g> 69.96 <x_p> 12.91 <g> 0.00 <reg_g> 0.99 <reg_p> 0.66
2023-03-09 18:06:34,675: Accuracy: <p> 100.00% <g> 23.75% <gt> 24.06%
2023-03-09 18:06:34,685: Parameters: <max_hebb> 0.62 <eta> 0.02 <lambda> 1.00 <p2g_scale_offset> 0.15
2023-03-09 18:06:34,686: Weights:[0.3755, 0.3199082771391006, 1.0, 1.0, 1.0, 0.3755, 0.00999981225, 0.016245000000000002]
2023-03-09 18:06:34,686:  
2023-03-09 18:07:56,814: Finished backprop iter 760 in 7.96 seconds.
2023-03-09 18:07:56,816: Loss: 141.27. <p_g> 1.55 <p_x> 0.93 <x_gen> 62.14 <x_g> 62.07 <x_p> 12.77 <g> 0.02 <reg_g> 1.14 <reg_p> 0.66
2023-03-09 18:07:56,819: Accuracy: <p> 100.00% <g> 34.06% <gt> 34.38%
2023-03-09 18:07:56,833: Parameters: <max_hebb> 0.61 <eta> 0.02 <lambda> 1.00 <p2g_scale_offset> 0.14
2023-03-09 18:07:56,836: Weights:[0.3805, 0.3265256698053644, 1.0, 1.0, 1.0, 0.3805, 0.009999809750000001, 0.016195]
2023-03-09 18:07:56,837:  
2023-03-09 18:09:19,244: Finished backprop iter 770 in 7.68 seconds.
2023-03-09 18:09:19,246: Loss: 149.06. <p_g> 2.05 <p_x> 1.13 <x_gen> 67.04 <x_g> 66.90 <x_p> 9.94 <g> 0.01 <reg_g> 1.26 <reg_p> 0.73
2023-03-09 18:09:19,248: Accuracy: <p> 100.00% <g> 30.94% <gt> 31.25%
2023-03-09 18:09:19,257: Parameters: <max_hebb> 0.62 <eta> 0.02 <lambda> 1.00 <p2g_scale_offset> 0.14
2023-03-09 18:09:19,257: Weights:[0.3855, 0.3331209982029941, 1.0, 1.0, 1.0, 0.3855, 0.009999807250000001, 0.016145]
2023-03-09 18:09:19,258:  
2023-03-09 18:10:41,381: Finished backprop iter 780 in 7.66 seconds.
2023-03-09 18:10:41,384: Loss: 137.82. <p_g> 2.12 <p_x> 1.22 <x_gen> 61.74 <x_g> 61.81 <x_p> 8.89 <g> 0.01 <reg_g> 1.30 <reg_p> 0.73
2023-03-09 18:10:41,386: Accuracy: <p> 100.00% <g> 39.38% <gt> 39.38%
2023-03-09 18:10:41,395: Parameters: <max_hebb> 0.64 <eta> 0.02 <lambda> 1.00 <p2g_scale_offset> 0.13
2023-03-09 18:10:41,396: Weights:[0.3905, 0.33969264076124933, 1.0, 1.0, 1.0, 0.3905, 0.00999980475, 0.016094999999999998]
2023-03-09 18:10:41,396:  
2023-03-09 18:12:02,989: Finished backprop iter 790 in 7.68 seconds.
2023-03-09 18:12:02,990: Loss: 139.51. <p_g> 2.01 <p_x> 1.28 <x_gen> 62.28 <x_g> 62.24 <x_p> 9.70 <g> 0.02 <reg_g> 1.27 <reg_p> 0.72
2023-03-09 18:12:02,992: Accuracy: <p> 100.00% <g> 33.75% <gt> 33.75%
2023-03-09 18:12:03,001: Parameters: <max_hebb> 0.64 <eta> 0.02 <lambda> 1.00 <p2g_scale_offset> 0.12
2023-03-09 18:12:03,003: Weights:[0.3955, 0.34623914683687684, 1.0, 1.0, 1.0, 0.3955, 0.00999980225, 0.016045]
2023-03-09 18:12:03,003:  
2023-03-09 18:13:27,197: Finished backprop iter 800 in 7.95 seconds.
2023-03-09 18:13:27,200: Loss: 139.86. <p_g> 2.27 <p_x> 1.45 <x_gen> 63.15 <x_g> 63.04 <x_p> 7.82 <g> 0.02 <reg_g> 1.36 <reg_p> 0.76
2023-03-09 18:13:27,201: Accuracy: <p> 100.00% <g> 40.00% <gt> 40.31%
2023-03-09 18:13:27,212: Parameters: <max_hebb> 0.64 <eta> 0.03 <lambda> 1.00 <p2g_scale_offset> 0.12
2023-03-09 18:13:27,213: Weights:[0.4005, 0.35275922973014195, 1.0, 1.0, 1.0, 0.4005, 0.00999979975, 0.015995]
2023-03-09 18:13:27,214:  
2023-03-09 18:14:52,741: Finished backprop iter 810 in 8.24 seconds.
2023-03-09 18:14:52,743: Loss: 129.21. <p_g> 2.14 <p_x> 1.29 <x_gen> 57.36 <x_g> 57.33 <x_p> 9.03 <g> 0.01 <reg_g> 1.32 <reg_p> 0.74
2023-03-09 18:14:52,744: Accuracy: <p> 100.00% <g> 40.94% <gt> 40.94%
2023-03-09 18:14:52,755: Parameters: <max_hebb> 0.65 <eta> 0.03 <lambda> 1.00 <p2g_scale_offset> 0.11
2023-03-09 18:14:52,755: Weights:[0.4055, 0.3592517593910448, 1.0, 1.0, 1.0, 0.4055, 0.00999979725, 0.015945]
2023-03-09 18:14:52,756:  
2023-03-09 18:15:52,332: Finished backprop iter 820 in 4.62 seconds.
2023-03-09 18:15:52,334: Loss: 124.43. <p_g> 2.34 <p_x> 1.35 <x_gen> 56.11 <x_g> 56.09 <x_p> 6.12 <g> 0.04 <reg_g> 1.55 <reg_p> 0.82
2023-03-09 18:15:52,335: Accuracy: <p> 100.00% <g> 45.31% <gt> 45.94%
2023-03-09 18:15:52,344: Parameters: <max_hebb> 0.64 <eta> 0.03 <lambda> 1.00 <p2g_scale_offset> 0.11
2023-03-09 18:15:52,346: Weights:[0.4105, 0.3657157548992009, 1.0, 1.0, 1.0, 0.4105, 0.009999794749999999, 0.015895000000000003]
2023-03-09 18:15:52,346:  
2023-03-09 18:16:41,883: Finished backprop iter 830 in 4.69 seconds.
2023-03-09 18:16:41,885: Loss: 129.58. <p_g> 2.01 <p_x> 1.30 <x_gen> 57.46 <x_g> 57.68 <x_p> 9.10 <g> 0.03 <reg_g> 1.27 <reg_p> 0.73
2023-03-09 18:16:41,887: Accuracy: <p> 100.00% <g> 40.62% <gt> 40.62%
2023-03-09 18:16:41,893: Parameters: <max_hebb> 0.64 <eta> 0.03 <lambda> 1.00 <p2g_scale_offset> 0.10
2023-03-09 18:16:41,894: Weights:[0.4155, 0.37215037679405494, 1.0, 1.0, 1.0, 0.4155, 0.00999979225, 0.015845]
2023-03-09 18:16:41,894:  
2023-03-09 18:17:30,848: Finished backprop iter 840 in 4.64 seconds.
2023-03-09 18:17:30,850: Loss: 145.95. <p_g> 2.73 <p_x> 1.71 <x_gen> 66.07 <x_g> 66.01 <x_p> 7.17 <g> 0.02 <reg_g> 1.44 <reg_p> 0.79
2023-03-09 18:17:30,852: Accuracy: <p> 100.00% <g> 34.69% <gt> 34.06%
2023-03-09 18:17:30,860: Parameters: <max_hebb> 0.65 <eta> 0.03 <lambda> 1.00 <p2g_scale_offset> 0.10
2023-03-09 18:17:30,862: Weights:[0.4205, 0.3785549193251724, 1.0, 1.0, 1.0, 0.4205, 0.00999978975, 0.015795]
2023-03-09 18:17:30,863:  
2023-03-09 18:18:21,273: Finished backprop iter 850 in 4.86 seconds.
2023-03-09 18:18:21,275: Loss: 131.10. <p_g> 2.13 <p_x> 1.31 <x_gen> 58.58 <x_g> 58.62 <x_p> 8.40 <g> 0.01 <reg_g> 1.29 <reg_p> 0.75
2023-03-09 18:18:21,277: Accuracy: <p> 100.00% <g> 41.25% <gt> 41.25%
2023-03-09 18:18:21,285: Parameters: <max_hebb> 0.64 <eta> 0.03 <lambda> 1.00 <p2g_scale_offset> 0.10
2023-03-09 18:18:21,287: Weights:[0.4255, 0.3849288026854289, 1.0, 1.0, 1.0, 0.4255, 0.00999978725, 0.015745000000000002]
2023-03-09 18:18:21,289:  
2023-03-09 18:19:10,792: Finished backprop iter 860 in 4.55 seconds.
2023-03-09 18:19:10,795: Loss: 125.46. <p_g> 2.51 <p_x> 1.63 <x_gen> 56.31 <x_g> 56.25 <x_p> 6.48 <g> 0.01 <reg_g> 1.46 <reg_p> 0.81
2023-03-09 18:19:10,796: Accuracy: <p> 100.00% <g> 45.94% <gt> 45.94%
2023-03-09 18:19:10,803: Parameters: <max_hebb> 0.64 <eta> 0.03 <lambda> 1.00 <p2g_scale_offset> 0.09
2023-03-09 18:19:10,805: Weights:[0.4305, 0.3912715652831044, 1.0, 1.0, 1.0, 0.4305, 0.00999978475, 0.015695]
2023-03-09 18:19:10,805:  
2023-03-09 18:20:00,841: Finished backprop iter 870 in 4.67 seconds.
2023-03-09 18:20:00,843: Loss: 139.58. <p_g> 2.59 <p_x> 1.88 <x_gen> 62.60 <x_g> 62.46 <x_p> 7.85 <g> 0.01 <reg_g> 1.41 <reg_p> 0.77
2023-03-09 18:20:00,844: Accuracy: <p> 100.00% <g> 38.12% <gt> 37.81%
2023-03-09 18:20:00,853: Parameters: <max_hebb> 0.65 <eta> 0.03 <lambda> 1.00 <p2g_scale_offset> 0.09
2023-03-09 18:20:00,854: Weights:[0.4355, 0.39758285610226185, 1.0, 1.0, 1.0, 0.4355, 0.00999978225, 0.015645]
2023-03-09 18:20:00,855:  
2023-03-09 18:20:50,091: Finished backprop iter 880 in 4.66 seconds.
2023-03-09 18:20:50,093: Loss: 143.88. <p_g> 3.04 <p_x> 1.94 <x_gen> 65.33 <x_g> 65.04 <x_p> 6.20 <g> 0.02 <reg_g> 1.50 <reg_p> 0.81
2023-03-09 18:20:50,094: Accuracy: <p> 100.00% <g> 38.44% <gt> 38.44%
2023-03-09 18:20:50,101: Parameters: <max_hebb> 0.65 <eta> 0.03 <lambda> 1.00 <p2g_scale_offset> 0.08
2023-03-09 18:20:50,102: Weights:[0.4405, 0.4038624271944272, 1.0, 1.0, 1.0, 0.4405, 0.00999977975, 0.015595]
2023-03-09 18:20:50,102:  
2023-03-09 18:21:39,756: Finished backprop iter 890 in 4.59 seconds.
2023-03-09 18:21:39,758: Loss: 140.50. <p_g> 2.70 <p_x> 2.03 <x_gen> 63.02 <x_g> 62.89 <x_p> 7.75 <g> 0.02 <reg_g> 1.33 <reg_p> 0.76
2023-03-09 18:21:39,758: Accuracy: <p> 100.00% <g> 39.06% <gt> 39.38%
2023-03-09 18:21:39,766: Parameters: <max_hebb> 0.66 <eta> 0.03 <lambda> 1.00 <p2g_scale_offset> 0.08
2023-03-09 18:21:39,768: Weights:[0.4455, 0.4101101263385376, 1.0, 1.0, 1.0, 0.4455, 0.009999777250000001, 0.015545]
2023-03-09 18:21:39,769:  
2023-03-09 18:22:29,134: Finished backprop iter 900 in 4.65 seconds.
2023-03-09 18:22:29,136: Loss: 134.52. <p_g> 2.62 <p_x> 1.70 <x_gen> 60.05 <x_g> 60.09 <x_p> 7.86 <g> 0.02 <reg_g> 1.40 <reg_p> 0.78
2023-03-09 18:22:29,138: Accuracy: <p> 100.00% <g> 38.75% <gt> 39.06%
2023-03-09 18:22:29,144: Parameters: <max_hebb> 0.66 <eta> 0.03 <lambda> 1.00 <p2g_scale_offset> 0.08
2023-03-09 18:22:29,145: Weights:[0.4505, 0.4163258899004298, 1.0, 1.0, 1.0, 0.4505, 0.00999977475, 0.015495000000000002]
2023-03-09 18:22:29,146:  
2023-03-09 18:23:18,276: Finished backprop iter 910 in 4.61 seconds.
2023-03-09 18:23:18,278: Loss: 133.17. <p_g> 2.53 <p_x> 1.67 <x_gen> 59.24 <x_g> 59.21 <x_p> 8.36 <g> 0.01 <reg_g> 1.38 <reg_p> 0.78
2023-03-09 18:23:18,280: Accuracy: <p> 100.00% <g> 38.75% <gt> 38.75%
2023-03-09 18:23:18,288: Parameters: <max_hebb> 0.66 <eta> 0.03 <lambda> 1.00 <p2g_scale_offset> 0.07
2023-03-09 18:23:18,289: Weights:[0.4555, 0.4225097359178287, 1.0, 1.0, 1.0, 0.4555, 0.00999977225, 0.015445]
2023-03-09 18:23:18,289:  
2023-03-09 18:24:08,047: Finished backprop iter 920 in 4.66 seconds.
2023-03-09 18:24:08,049: Loss: 131.66. <p_g> 3.25 <p_x> 2.05 <x_gen> 59.46 <x_g> 58.97 <x_p> 5.46 <g> 0.04 <reg_g> 1.58 <reg_p> 0.85
2023-03-09 18:24:08,051: Accuracy: <p> 100.00% <g> 46.88% <gt> 47.19%
2023-03-09 18:24:08,058: Parameters: <max_hebb> 0.67 <eta> 0.03 <lambda> 1.00 <p2g_scale_offset> 0.07
2023-03-09 18:24:08,059: Weights:[0.4605, 0.4286617574318888, 1.0, 1.0, 1.0, 0.4605, 0.00999976975, 0.015394999999999999]
2023-03-09 18:24:08,059:  
2023-03-09 18:24:56,921: Finished backprop iter 930 in 4.58 seconds.
2023-03-09 18:24:56,923: Loss: 124.80. <p_g> 2.71 <p_x> 2.07 <x_gen> 55.49 <x_g> 55.41 <x_p> 6.93 <g> 0.02 <reg_g> 1.39 <reg_p> 0.79
2023-03-09 18:24:56,925: Accuracy: <p> 100.00% <g> 45.94% <gt> 46.25%
2023-03-09 18:24:56,934: Parameters: <max_hebb> 0.66 <eta> 0.03 <lambda> 1.00 <p2g_scale_offset> 0.07
2023-03-09 18:24:56,934: Weights:[0.4655, 0.4347821160818377, 1.0, 1.0, 1.0, 0.4655, 0.00999976725, 0.015345]
2023-03-09 18:24:56,934:  
2023-03-09 18:25:46,688: Finished backprop iter 940 in 4.67 seconds.
2023-03-09 18:25:46,690: Loss: 140.40. <p_g> 3.21 <p_x> 2.20 <x_gen> 63.14 <x_g> 63.00 <x_p> 6.57 <g> 0.03 <reg_g> 1.45 <reg_p> 0.81
2023-03-09 18:25:46,691: Accuracy: <p> 100.00% <g> 39.38% <gt> 39.69%
2023-03-09 18:25:46,699: Parameters: <max_hebb> 0.66 <eta> 0.03 <lambda> 1.00 <p2g_scale_offset> 0.06
2023-03-09 18:25:46,701: Weights:[0.4705, 0.4408710359751831, 1.0, 1.0, 1.0, 0.4705, 0.00999976475, 0.015295000000000001]
2023-03-09 18:25:46,702:  
2023-03-09 18:26:35,712: Finished backprop iter 950 in 4.62 seconds.
2023-03-09 18:26:35,714: Loss: 116.83. <p_g> 2.91 <p_x> 1.90 <x_gen> 51.96 <x_g> 51.77 <x_p> 5.93 <g> 0.02 <reg_g> 1.50 <reg_p> 0.84
2023-03-09 18:26:35,716: Accuracy: <p> 100.00% <g> 49.69% <gt> 49.69%
2023-03-09 18:26:35,723: Parameters: <max_hebb> 0.67 <eta> 0.03 <lambda> 1.00 <p2g_scale_offset> 0.06
2023-03-09 18:26:35,723: Weights:[0.4755, 0.44692879784225936, 1.0, 1.0, 1.0, 0.4755, 0.00999976225, 0.015245]
2023-03-09 18:26:35,725:  
2023-03-09 18:27:25,316: Finished backprop iter 960 in 4.69 seconds.
2023-03-09 18:27:25,319: Loss: 137.08. <p_g> 3.18 <p_x> 1.86 <x_gen> 61.24 <x_g> 61.29 <x_p> 7.33 <g> 0.02 <reg_g> 1.37 <reg_p> 0.80
2023-03-09 18:27:25,321: Accuracy: <p> 100.00% <g> 40.62% <gt> 40.94%
2023-03-09 18:27:25,329: Parameters: <max_hebb> 0.66 <eta> 0.03 <lambda> 1.00 <p2g_scale_offset> 0.06
2023-03-09 18:27:25,332: Weights:[0.4805, 0.45295573348059354, 1.0, 1.0, 1.0, 0.4805, 0.00999975975, 0.015195000000000002]
2023-03-09 18:27:25,333:  
2023-03-09 18:28:15,177: Finished backprop iter 970 in 4.65 seconds.
2023-03-09 18:28:15,178: Loss: 117.32. <p_g> 2.82 <p_x> 2.17 <x_gen> 51.97 <x_g> 51.83 <x_p> 6.19 <g> 0.03 <reg_g> 1.49 <reg_p> 0.83
2023-03-09 18:28:15,178: Accuracy: <p> 100.00% <g> 48.12% <gt> 48.12%
2023-03-09 18:28:15,186: Parameters: <max_hebb> 0.66 <eta> 0.03 <lambda> 1.00 <p2g_scale_offset> 0.05
2023-03-09 18:28:15,188: Weights:[0.4855, 0.4589522204916608, 1.0, 1.0, 1.0, 0.4855, 0.00999975725, 0.015145]
2023-03-09 18:28:15,190:  
2023-03-09 18:29:04,163: Finished backprop iter 980 in 4.58 seconds.
2023-03-09 18:29:04,166: Loss: 127.13. <p_g> 2.81 <p_x> 2.04 <x_gen> 56.46 <x_g> 56.29 <x_p> 7.45 <g> 0.02 <reg_g> 1.28 <reg_p> 0.77
2023-03-09 18:29:04,168: Accuracy: <p> 100.00% <g> 44.38% <gt> 44.38%
2023-03-09 18:29:04,176: Parameters: <max_hebb> 0.67 <eta> 0.03 <lambda> 1.00 <p2g_scale_offset> 0.05
2023-03-09 18:29:04,176: Weights:[0.4905, 0.46491867731003605, 1.0, 1.0, 1.0, 0.4905, 0.00999975475, 0.015095]
2023-03-09 18:29:04,177:  
2023-03-09 18:29:53,721: Finished backprop iter 990 in 4.64 seconds.
2023-03-09 18:29:53,723: Loss: 121.36. <p_g> 3.19 <p_x> 2.17 <x_gen> 54.06 <x_g> 53.95 <x_p> 5.72 <g> 0.02 <reg_g> 1.44 <reg_p> 0.82
2023-03-09 18:29:53,724: Accuracy: <p> 100.00% <g> 46.88% <gt> 46.56%
2023-03-09 18:29:53,732: Parameters: <max_hebb> 0.66 <eta> 0.03 <lambda> 1.00 <p2g_scale_offset> 0.05
2023-03-09 18:29:53,732: Weights:[0.4955, 0.47085555852273514, 1.0, 1.0, 1.0, 0.4955, 0.00999975225, 0.015045]
2023-03-09 18:29:53,732:  
