2023-03-09 16:20:48,431: Finished backprop iter 0 in 4.44 seconds.
2023-03-09 16:20:48,432: Loss: 212.73. <p_g> 0.05 <p_x> 0.00 <x_gen> 68.10 <x_g> 68.10 <x_p> 69.05 <g> 0.00 <reg_g> 3.79 <reg_p> 3.64
2023-03-09 16:20:48,432: Accuracy: <p> 0.00% <g> 2.50% <gt> 2.50%
2023-03-09 16:20:48,435: Parameters: <max_hebb> 0.00 <eta> 0.00 <lambda> 0.00 <p2g_scale_offset> 0.88
2023-03-09 16:20:48,435: Weights:[0.0005, 5.9601461011058844e-05, 1.0, 1.0, 1.0, 0.0005, 0.00999999975, 0.019995000000000002]
2023-03-09 16:20:48,435:  
2023-03-09 16:21:34,924: Finished backprop iter 10 in 4.41 seconds.
2023-03-09 16:21:34,925: Loss: 228.64. <p_g> 0.00 <p_x> 0.01 <x_gen> 76.05 <x_g> 76.05 <x_p> 75.90 <g> 0.00 <reg_g> 0.35 <reg_p> 0.28
2023-03-09 16:21:34,926: Accuracy: <p> 5.00% <g> 2.19% <gt> 2.19%
2023-03-09 16:21:34,929: Parameters: <max_hebb> 0.00 <eta> 0.00 <lambda> 0.05 <p2g_scale_offset> 0.88
2023-03-09 16:21:34,929: Weights:[0.0055, 0.0006850434700307903, 1.0, 1.0, 1.0, 0.0055, 0.00999999725, 0.019945]
2023-03-09 16:21:34,930:  
2023-03-09 16:22:19,877: Finished backprop iter 20 in 4.29 seconds.
2023-03-09 16:22:19,878: Loss: 226.93. <p_g> 0.19 <p_x> 0.03 <x_gen> 76.88 <x_g> 76.88 <x_p> 70.79 <g> 0.00 <reg_g> 0.83 <reg_p> 1.33
2023-03-09 16:22:19,879: Accuracy: <p> 22.81% <g> 1.56% <gt> 1.56%
2023-03-09 16:22:19,884: Parameters: <max_hebb> 0.00 <eta> 0.00 <lambda> 0.10 <p2g_scale_offset> 0.87
2023-03-09 16:22:19,884: Weights:[0.0105, 0.0013661389808114779, 1.0, 1.0, 1.0, 0.0105, 0.00999999475, 0.019895]
2023-03-09 16:22:19,884:  
2023-03-09 16:23:03,416: Finished backprop iter 30 in 4.13 seconds.
2023-03-09 16:23:03,417: Loss: 217.67. <p_g> 0.53 <p_x> 0.05 <x_gen> 76.53 <x_g> 76.53 <x_p> 60.75 <g> 0.00 <reg_g> 1.09 <reg_p> 2.18
2023-03-09 16:23:03,418: Accuracy: <p> 39.38% <g> 3.44% <gt> 3.44%
2023-03-09 16:23:03,425: Parameters: <max_hebb> 0.00 <eta> 0.00 <lambda> 0.15 <p2g_scale_offset> 0.86
2023-03-09 16:23:03,426: Weights:[0.0155, 0.0021060299036409604, 1.0, 1.0, 1.0, 0.0155, 0.00999999225, 0.019844999999999998]
2023-03-09 16:23:03,426:  
2023-03-09 16:23:45,731: Finished backprop iter 40 in 4.00 seconds.
2023-03-09 16:23:45,732: Loss: 202.02. <p_g> 1.49 <p_x> 0.11 <x_gen> 76.06 <x_g> 76.06 <x_p> 41.92 <g> 0.00 <reg_g> 2.64 <reg_p> 3.73
2023-03-09 16:23:45,733: Accuracy: <p> 60.31% <g> 2.50% <gt> 2.50%
2023-03-09 16:23:45,737: Parameters: <max_hebb> 0.00 <eta> 0.00 <lambda> 0.20 <p2g_scale_offset> 0.86
2023-03-09 16:23:45,737: Weights:[0.0205, 0.0029079468304599983, 1.0, 1.0, 1.0, 0.0205, 0.00999998975, 0.019795]
2023-03-09 16:23:45,737:  
2023-03-09 16:24:26,150: Finished backprop iter 50 in 3.71 seconds.
2023-03-09 16:24:26,151: Loss: 193.69. <p_g> 1.97 <p_x> 0.13 <x_gen> 76.59 <x_g> 76.59 <x_p> 30.99 <g> 0.00 <reg_g> 2.80 <reg_p> 4.61
2023-03-09 16:24:26,151: Accuracy: <p> 83.44% <g> 4.06% <gt> 4.06%
2023-03-09 16:24:26,156: Parameters: <max_hebb> 0.00 <eta> 0.00 <lambda> 0.25 <p2g_scale_offset> 0.85
2023-03-09 16:24:26,156: Weights:[0.0255, 0.00377520354980808, 1.0, 1.0, 1.0, 0.0255, 0.00999998725, 0.019745]
2023-03-09 16:24:26,156:  
2023-03-09 16:25:07,343: Finished backprop iter 60 in 3.75 seconds.
2023-03-09 16:25:07,344: Loss: 181.70. <p_g> 2.35 <p_x> 0.19 <x_gen> 76.31 <x_g> 76.31 <x_p> 18.87 <g> 0.00 <reg_g> 3.54 <reg_p> 4.12
2023-03-09 16:25:07,344: Accuracy: <p> 100.00% <g> 3.75% <gt> 3.75%
2023-03-09 16:25:07,349: Parameters: <max_hebb> 0.00 <eta> 0.00 <lambda> 0.30 <p2g_scale_offset> 0.85
2023-03-09 16:25:07,349: Weights:[0.0305, 0.00471119058504781, 1.0, 1.0, 1.0, 0.0305, 0.009999984750000001, 0.019695]
2023-03-09 16:25:07,349:  
2023-03-09 16:25:48,082: Finished backprop iter 70 in 3.75 seconds.
2023-03-09 16:25:48,083: Loss: 177.36. <p_g> 2.69 <p_x> 0.23 <x_gen> 77.07 <x_g> 77.07 <x_p> 12.56 <g> 0.00 <reg_g> 3.58 <reg_p> 4.16
2023-03-09 16:25:48,083: Accuracy: <p> 100.00% <g> 3.44% <gt> 3.44%
2023-03-09 16:25:48,088: Parameters: <max_hebb> 0.00 <eta> 0.00 <lambda> 0.35 <p2g_scale_offset> 0.84
2023-03-09 16:25:48,088: Weights:[0.0355, 0.005719367709968777, 1.0, 1.0, 1.0, 0.0355, 0.009999982250000001, 0.019645]
2023-03-09 16:25:48,088:  
2023-03-09 16:26:28,279: Finished backprop iter 80 in 3.70 seconds.
2023-03-09 16:26:28,281: Loss: 175.84. <p_g> 2.99 <p_x> 0.27 <x_gen> 77.85 <x_g> 77.85 <x_p> 9.18 <g> 0.00 <reg_g> 3.58 <reg_p> 4.13
2023-03-09 16:26:28,281: Accuracy: <p> 100.00% <g> 2.19% <gt> 2.19%
2023-03-09 16:26:28,286: Parameters: <max_hebb> 0.00 <eta> 0.00 <lambda> 0.40 <p2g_scale_offset> 0.83
2023-03-09 16:26:28,287: Weights:[0.0405, 0.00680325540207606, 1.0, 1.0, 1.0, 0.0405, 0.00999997975, 0.019595]
2023-03-09 16:26:28,287:  
2023-03-09 16:27:08,704: Finished backprop iter 90 in 3.74 seconds.
2023-03-09 16:27:08,705: Loss: 170.55. <p_g> 2.85 <p_x> 0.29 <x_gen> 76.17 <x_g> 76.17 <x_p> 9.13 <g> 0.00 <reg_g> 2.32 <reg_p> 3.63
2023-03-09 16:27:08,705: Accuracy: <p> 100.00% <g> 4.69% <gt> 4.69%
2023-03-09 16:27:08,710: Parameters: <max_hebb> 0.00 <eta> 0.00 <lambda> 0.45 <p2g_scale_offset> 0.82
2023-03-09 16:27:08,711: Weights:[0.0455, 0.007966425201463812, 1.0, 1.0, 1.0, 0.0455, 0.00999997725, 0.019545]
2023-03-09 16:27:08,711:  
2023-03-09 16:27:48,113: Finished backprop iter 100 in 3.86 seconds.
2023-03-09 16:27:48,114: Loss: 169.93. <p_g> 3.12 <p_x> 0.33 <x_gen> 76.87 <x_g> 76.87 <x_p> 6.66 <g> 0.00 <reg_g> 2.34 <reg_p> 3.75
2023-03-09 16:27:48,114: Accuracy: <p> 100.00% <g> 3.75% <gt> 3.75%
2023-03-09 16:27:48,119: Parameters: <max_hebb> 0.00 <eta> 0.00 <lambda> 0.50 <p2g_scale_offset> 0.82
2023-03-09 16:27:48,120: Weights:[0.0505, 0.009212488952220996, 1.0, 1.0, 1.0, 0.0505, 0.00999997475, 0.019495000000000002]
2023-03-09 16:27:48,120:  
2023-03-09 16:28:29,699: Finished backprop iter 110 in 3.93 seconds.
2023-03-09 16:28:29,701: Loss: 168.71. <p_g> 3.15 <p_x> 0.35 <x_gen> 76.84 <x_g> 76.84 <x_p> 6.07 <g> 0.00 <reg_g> 1.87 <reg_p> 3.59
2023-03-09 16:28:29,701: Accuracy: <p> 100.00% <g> 3.44% <gt> 3.44%
2023-03-09 16:28:29,706: Parameters: <max_hebb> 0.00 <eta> 0.00 <lambda> 0.55 <p2g_scale_offset> 0.81
2023-03-09 16:28:29,707: Weights:[0.0555, 0.010545086913849868, 1.0, 1.0, 1.0, 0.0555, 0.009999972250000001, 0.019445]
2023-03-09 16:28:29,707:  
2023-03-09 16:29:10,732: Finished backprop iter 120 in 3.74 seconds.
2023-03-09 16:29:10,733: Loss: 165.98. <p_g> 2.96 <p_x> 0.36 <x_gen> 75.38 <x_g> 75.38 <x_p> 6.76 <g> 0.00 <reg_g> 1.87 <reg_p> 3.26
2023-03-09 16:29:10,734: Accuracy: <p> 100.00% <g> 4.38% <gt> 4.38%
2023-03-09 16:29:10,738: Parameters: <max_hebb> 0.00 <eta> 0.00 <lambda> 0.60 <p2g_scale_offset> 0.80
2023-03-09 16:29:10,740: Weights:[0.0605, 0.011967874742205807, 1.0, 1.0, 1.0, 0.0605, 0.00999996975, 0.019395]
2023-03-09 16:29:10,741:  
2023-03-09 16:29:51,615: Finished backprop iter 130 in 3.81 seconds.
2023-03-09 16:29:51,616: Loss: 164.33. <p_g> 3.03 <p_x> 0.38 <x_gen> 75.14 <x_g> 75.14 <x_p> 5.87 <g> 0.00 <reg_g> 1.56 <reg_p> 3.21
2023-03-09 16:29:51,617: Accuracy: <p> 100.00% <g> 2.19% <gt> 2.19%
2023-03-09 16:29:51,621: Parameters: <max_hebb> 0.00 <eta> 0.00 <lambda> 0.65 <p2g_scale_offset> 0.79
2023-03-09 16:29:51,623: Weights:[0.0655, 0.013484509352962045, 1.0, 1.0, 1.0, 0.0655, 0.00999996725, 0.019344999999999998]
2023-03-09 16:29:51,623:  
2023-03-09 16:30:31,877: Finished backprop iter 140 in 4.03 seconds.
2023-03-09 16:30:31,879: Loss: 163.93. <p_g> 2.91 <p_x> 0.40 <x_gen> 74.82 <x_g> 74.82 <x_p> 6.56 <g> 0.00 <reg_g> 1.41 <reg_p> 3.01
2023-03-09 16:30:31,879: Accuracy: <p> 100.00% <g> 2.81% <gt> 2.81%
2023-03-09 16:30:31,884: Parameters: <max_hebb> 0.00 <eta> 0.00 <lambda> 0.70 <p2g_scale_offset> 0.79
2023-03-09 16:30:31,886: Weights:[0.0705, 0.015098633695499616, 1.0, 1.0, 1.0, 0.0705, 0.00999996475, 0.019295]
2023-03-09 16:30:31,886:  
2023-03-09 16:31:11,773: Finished backprop iter 150 in 3.64 seconds.
2023-03-09 16:31:11,775: Loss: 159.29. <p_g> 2.87 <p_x> 0.41 <x_gen> 73.04 <x_g> 73.04 <x_p> 5.67 <g> 0.00 <reg_g> 1.31 <reg_p> 2.94
2023-03-09 16:31:11,775: Accuracy: <p> 100.00% <g> 4.38% <gt> 4.38%
2023-03-09 16:31:11,780: Parameters: <max_hebb> 0.00 <eta> 0.00 <lambda> 0.75 <p2g_scale_offset> 0.78
2023-03-09 16:31:11,781: Weights:[0.0755, 0.016813860481310824, 1.0, 1.0, 1.0, 0.0755, 0.00999996225, 0.019245]
2023-03-09 16:31:11,781:  
2023-03-09 16:31:51,521: Finished backprop iter 160 in 3.71 seconds.
2023-03-09 16:31:51,522: Loss: 155.20. <p_g> 3.01 <p_x> 0.44 <x_gen> 71.54 <x_g> 71.54 <x_p> 4.23 <g> 0.00 <reg_g> 1.40 <reg_p> 3.04
2023-03-09 16:31:51,523: Accuracy: <p> 100.00% <g> 5.31% <gt> 5.31%
2023-03-09 16:31:51,528: Parameters: <max_hebb> 0.00 <eta> 0.01 <lambda> 0.80 <p2g_scale_offset> 0.77
2023-03-09 16:31:51,529: Weights:[0.0805, 0.01863375492832909, 1.0, 1.0, 1.0, 0.0805, 0.00999995975, 0.019195]
2023-03-09 16:31:51,529:  
2023-03-09 16:32:30,710: Finished backprop iter 170 in 3.58 seconds.
2023-03-09 16:32:30,711: Loss: 158.52. <p_g> 2.74 <p_x> 0.43 <x_gen> 72.97 <x_g> 72.97 <x_p> 5.46 <g> 0.00 <reg_g> 1.24 <reg_p> 2.71
2023-03-09 16:32:30,713: Accuracy: <p> 100.00% <g> 7.19% <gt> 7.19%
2023-03-09 16:32:30,718: Parameters: <max_hebb> 0.00 <eta> 0.01 <lambda> 0.85 <p2g_scale_offset> 0.76
2023-03-09 16:32:30,719: Weights:[0.0855, 0.02056181660085101, 1.0, 1.0, 1.0, 0.0855, 0.00999995725, 0.019145000000000002]
2023-03-09 16:32:30,720:  
2023-03-09 16:33:08,969: Finished backprop iter 180 in 3.51 seconds.
2023-03-09 16:33:08,970: Loss: 157.71. <p_g> 2.61 <p_x> 0.42 <x_gen> 72.78 <x_g> 72.78 <x_p> 5.34 <g> 0.00 <reg_g> 1.18 <reg_p> 2.61
2023-03-09 16:33:08,971: Accuracy: <p> 100.00% <g> 4.38% <gt> 4.38%
2023-03-09 16:33:08,976: Parameters: <max_hebb> 0.01 <eta> 0.01 <lambda> 0.90 <p2g_scale_offset> 0.75
2023-03-09 16:33:08,976: Weights:[0.0905, 0.02260146044364185, 1.0, 1.0, 1.0, 0.0905, 0.00999995475, 0.019095]
2023-03-09 16:33:08,976:  
2023-03-09 16:33:46,510: Finished backprop iter 190 in 3.45 seconds.
2023-03-09 16:33:46,511: Loss: 154.79. <p_g> 2.41 <p_x> 0.38 <x_gen> 71.56 <x_g> 71.56 <x_p> 5.20 <g> 0.00 <reg_g> 1.16 <reg_p> 2.53
2023-03-09 16:33:46,512: Accuracy: <p> 100.00% <g> 9.38% <gt> 9.38%
2023-03-09 16:33:46,517: Parameters: <max_hebb> 0.01 <eta> 0.01 <lambda> 0.95 <p2g_scale_offset> 0.74
2023-03-09 16:33:46,517: Weights:[0.0955, 0.024755997128104293, 1.0, 1.0, 1.0, 0.0955, 0.009999952250000001, 0.019045000000000003]
2023-03-09 16:33:46,517:  
2023-03-09 16:34:23,772: Finished backprop iter 200 in 3.41 seconds.
2023-03-09 16:34:23,773: Loss: 160.71. <p_g> 2.37 <p_x> 0.23 <x_gen> 74.92 <x_g> 74.92 <x_p> 4.66 <g> 0.00 <reg_g> 1.13 <reg_p> 2.49
2023-03-09 16:34:23,774: Accuracy: <p> 100.00% <g> 6.25% <gt> 6.25%
2023-03-09 16:34:23,779: Parameters: <max_hebb> 0.04 <eta> 0.01 <lambda> 1.00 <p2g_scale_offset> 0.73
2023-03-09 16:34:23,780: Weights:[0.1005, 0.02702861284768451, 1.0, 1.0, 1.0, 0.1005, 0.00999994975, 0.018995]
2023-03-09 16:34:23,781:  
2023-03-09 16:35:00,783: Finished backprop iter 210 in 3.49 seconds.
2023-03-09 16:35:00,784: Loss: 157.96. <p_g> 1.92 <p_x> 0.17 <x_gen> 72.29 <x_g> 72.29 <x_p> 8.31 <g> 0.00 <reg_g> 0.99 <reg_p> 2.00
2023-03-09 16:35:00,785: Accuracy: <p> 100.00% <g> 10.31% <gt> 10.31%
2023-03-09 16:35:00,790: Parameters: <max_hebb> 0.10 <eta> 0.01 <lambda> 1.00 <p2g_scale_offset> 0.72
2023-03-09 16:35:00,791: Weights:[0.1055, 0.029422348718587947, 1.0, 1.0, 1.0, 0.1055, 0.00999994725, 0.018945]
2023-03-09 16:35:00,791:  
2023-03-09 16:35:37,837: Finished backprop iter 220 in 3.42 seconds.
2023-03-09 16:35:37,838: Loss: 155.67. <p_g> 1.71 <p_x> 0.20 <x_gen> 70.04 <x_g> 70.04 <x_p> 10.96 <g> 0.00 <reg_g> 0.97 <reg_p> 1.76
2023-03-09 16:35:37,838: Accuracy: <p> 100.00% <g> 11.56% <gt> 11.56%
2023-03-09 16:35:37,843: Parameters: <max_hebb> 0.16 <eta> 0.01 <lambda> 1.00 <p2g_scale_offset> 0.71
2023-03-09 16:35:37,844: Weights:[0.1105, 0.03194007995993707, 1.0, 1.0, 1.0, 0.1105, 0.009999944750000002, 0.018895]
2023-03-09 16:35:37,846:  
2023-03-09 16:36:14,603: Finished backprop iter 230 in 3.36 seconds.
2023-03-09 16:36:14,605: Loss: 165.12. <p_g> 1.85 <p_x> 0.23 <x_gen> 74.39 <x_g> 74.39 <x_p> 11.62 <g> 0.00 <reg_g> 1.00 <reg_p> 1.65
2023-03-09 16:36:14,605: Accuracy: <p> 100.00% <g> 9.69% <gt> 9.69%
2023-03-09 16:36:14,611: Parameters: <max_hebb> 0.20 <eta> 0.01 <lambda> 1.00 <p2g_scale_offset> 0.70
2023-03-09 16:36:14,612: Weights:[0.1155, 0.03458449504425613, 1.0, 1.0, 1.0, 0.1155, 0.009999942250000001, 0.018845]
2023-03-09 16:36:14,612:  
2023-03-09 16:36:51,256: Finished backprop iter 240 in 3.31 seconds.
2023-03-09 16:36:51,257: Loss: 166.32. <p_g> 1.86 <p_x> 0.24 <x_gen> 74.58 <x_g> 74.58 <x_p> 11.96 <g> 0.00 <reg_g> 1.42 <reg_p> 1.67
2023-03-09 16:36:51,258: Accuracy: <p> 100.00% <g> 6.56% <gt> 6.56%
2023-03-09 16:36:51,264: Parameters: <max_hebb> 0.24 <eta> 0.01 <lambda> 1.00 <p2g_scale_offset> 0.69
2023-03-09 16:36:51,265: Weights:[0.1205, 0.037358075024122694, 1.0, 1.0, 1.0, 0.1205, 0.00999993975, 0.018795]
2023-03-09 16:36:51,266:  
2023-03-09 16:37:28,119: Finished backprop iter 250 in 3.43 seconds.
2023-03-09 16:37:28,121: Loss: 166.70. <p_g> 1.85 <p_x> 0.25 <x_gen> 73.67 <x_g> 73.67 <x_p> 13.37 <g> 0.00 <reg_g> 2.23 <reg_p> 1.66
2023-03-09 16:37:28,122: Accuracy: <p> 100.00% <g> 10.94% <gt> 10.94%
2023-03-09 16:37:28,127: Parameters: <max_hebb> 0.24 <eta> 0.01 <lambda> 1.00 <p2g_scale_offset> 0.68
2023-03-09 16:37:28,129: Weights:[0.1255, 0.040263073253488185, 1.0, 1.0, 1.0, 0.1255, 0.00999993725, 0.018745]
2023-03-09 16:37:28,129:  
2023-03-09 16:38:05,004: Finished backprop iter 260 in 3.43 seconds.
2023-03-09 16:38:05,004: Loss: 168.08. <p_g> 1.81 <p_x> 0.34 <x_gen> 73.82 <x_g> 73.82 <x_p> 14.74 <g> 0.00 <reg_g> 2.16 <reg_p> 1.40
2023-03-09 16:38:05,005: Accuracy: <p> 100.00% <g> 11.88% <gt> 11.88%
2023-03-09 16:38:05,011: Parameters: <max_hebb> 0.27 <eta> 0.01 <lambda> 1.00 <p2g_scale_offset> 0.67
2023-03-09 16:38:05,013: Weights:[0.1305, 0.043301495732054315, 1.0, 1.0, 1.0, 0.1305, 0.00999993475, 0.018695]
2023-03-09 16:38:05,014:  
2023-03-09 16:38:42,180: Finished backprop iter 270 in 3.51 seconds.
2023-03-09 16:38:42,180: Loss: 167.29. <p_g> 1.94 <p_x> 0.41 <x_gen> 74.05 <x_g> 74.05 <x_p> 12.66 <g> 0.00 <reg_g> 2.76 <reg_p> 1.42
2023-03-09 16:38:42,181: Accuracy: <p> 100.00% <g> 10.62% <gt> 10.62%
2023-03-09 16:38:42,190: Parameters: <max_hebb> 0.27 <eta> 0.01 <lambda> 1.00 <p2g_scale_offset> 0.66
2023-03-09 16:38:42,190: Weights:[0.1355, 0.04647508230774091, 1.0, 1.0, 1.0, 0.1355, 0.00999993225, 0.018645000000000002]
2023-03-09 16:38:42,190:  
2023-03-09 16:39:21,118: Finished backprop iter 280 in 3.56 seconds.
2023-03-09 16:39:21,120: Loss: 164.87. <p_g> 2.12 <p_x> 0.51 <x_gen> 73.14 <x_g> 73.14 <x_p> 11.01 <g> 0.00 <reg_g> 3.41 <reg_p> 1.52
2023-03-09 16:39:21,121: Accuracy: <p> 100.00% <g> 15.31% <gt> 15.31%
2023-03-09 16:39:21,127: Parameters: <max_hebb> 0.29 <eta> 0.01 <lambda> 1.00 <p2g_scale_offset> 0.65
2023-03-09 16:39:21,127: Weights:[0.1405, 0.04978528897527575, 1.0, 1.0, 1.0, 0.1405, 0.009999929749999999, 0.018595]
2023-03-09 16:39:21,127:  
2023-03-09 16:40:00,119: Finished backprop iter 290 in 3.59 seconds.
2023-03-09 16:40:00,121: Loss: 167.46. <p_g> 2.24 <p_x> 0.55 <x_gen> 74.67 <x_g> 74.67 <x_p> 10.64 <g> 0.00 <reg_g> 3.25 <reg_p> 1.45
2023-03-09 16:40:00,122: Accuracy: <p> 100.00% <g> 15.94% <gt> 15.94%
2023-03-09 16:40:00,127: Parameters: <max_hebb> 0.30 <eta> 0.01 <lambda> 1.00 <p2g_scale_offset> 0.63
2023-03-09 16:40:00,128: Weights:[0.1455, 0.05323327150792849, 1.0, 1.0, 1.0, 0.1455, 0.00999992725, 0.018545000000000002]
2023-03-09 16:40:00,128:  
2023-03-09 16:40:39,254: Finished backprop iter 300 in 3.58 seconds.
2023-03-09 16:40:39,255: Loss: 170.13. <p_g> 2.18 <p_x> 0.48 <x_gen> 75.67 <x_g> 75.67 <x_p> 11.72 <g> 0.00 <reg_g> 3.03 <reg_p> 1.37
2023-03-09 16:40:39,256: Accuracy: <p> 100.00% <g> 11.56% <gt> 11.56%
2023-03-09 16:40:39,262: Parameters: <max_hebb> 0.32 <eta> 0.01 <lambda> 1.00 <p2g_scale_offset> 0.62
2023-03-09 16:40:39,262: Weights:[0.1505, 0.056819870654120884, 1.0, 1.0, 1.0, 0.1505, 0.00999992475, 0.018495]
2023-03-09 16:40:39,262:  
2023-03-09 16:41:18,136: Finished backprop iter 310 in 3.58 seconds.
2023-03-09 16:41:18,136: Loss: 163.58. <p_g> 2.02 <p_x> 0.47 <x_gen> 71.98 <x_g> 71.97 <x_p> 12.86 <g> 0.00 <reg_g> 2.98 <reg_p> 1.30
2023-03-09 16:41:18,138: Accuracy: <p> 100.00% <g> 17.81% <gt> 17.81%
2023-03-09 16:41:18,146: Parameters: <max_hebb> 0.34 <eta> 0.01 <lambda> 1.00 <p2g_scale_offset> 0.61
2023-03-09 16:41:18,148: Weights:[0.1555, 0.06054559912089597, 1.0, 1.0, 1.0, 0.1555, 0.00999992225, 0.018445]
2023-03-09 16:41:18,149:  
2023-03-09 16:41:57,024: Finished backprop iter 320 in 3.57 seconds.
2023-03-09 16:41:57,025: Loss: 165.08. <p_g> 2.15 <p_x> 0.58 <x_gen> 73.02 <x_g> 73.04 <x_p> 11.92 <g> 0.00 <reg_g> 3.04 <reg_p> 1.33
2023-03-09 16:41:57,027: Accuracy: <p> 100.00% <g> 14.37% <gt> 14.69%
2023-03-09 16:41:57,032: Parameters: <max_hebb> 0.35 <eta> 0.01 <lambda> 1.00 <p2g_scale_offset> 0.60
2023-03-09 16:41:57,033: Weights:[0.1605, 0.06441063055195145, 1.0, 1.0, 1.0, 0.1605, 0.00999991975, 0.018394999999999998]
2023-03-09 16:41:57,033:  
2023-03-09 16:42:36,216: Finished backprop iter 330 in 3.57 seconds.
2023-03-09 16:42:36,217: Loss: 177.49. <p_g> 2.35 <p_x> 0.54 <x_gen> 78.99 <x_g> 78.83 <x_p> 12.67 <g> 0.00 <reg_g> 2.85 <reg_p> 1.28
2023-03-09 16:42:36,218: Accuracy: <p> 100.00% <g> 11.88% <gt> 11.88%
2023-03-09 16:42:36,226: Parameters: <max_hebb> 0.36 <eta> 0.01 <lambda> 1.00 <p2g_scale_offset> 0.59
2023-03-09 16:42:36,227: Weights:[0.1655, 0.06841479068918187, 1.0, 1.0, 1.0, 0.1655, 0.00999991725, 0.018345]
2023-03-09 16:42:36,228:  
2023-03-09 16:43:15,279: Finished backprop iter 340 in 3.56 seconds.
2023-03-09 16:43:15,281: Loss: 165.00. <p_g> 2.00 <p_x> 0.51 <x_gen> 72.45 <x_g> 72.34 <x_p> 13.76 <g> 0.03 <reg_g> 2.70 <reg_p> 1.20
2023-03-09 16:43:15,283: Accuracy: <p> 100.00% <g> 13.44% <gt> 13.44%
2023-03-09 16:43:15,291: Parameters: <max_hebb> 0.36 <eta> 0.01 <lambda> 1.00 <p2g_scale_offset> 0.57
2023-03-09 16:43:15,293: Weights:[0.1705, 0.07255755088361214, 1.0, 1.0, 1.0, 0.1705, 0.00999991475, 0.018295]
2023-03-09 16:43:15,293:  
2023-03-09 16:43:54,336: Finished backprop iter 350 in 3.58 seconds.
2023-03-09 16:43:54,338: Loss: 164.86. <p_g> 2.15 <p_x> 0.53 <x_gen> 72.71 <x_g> 72.71 <x_p> 12.92 <g> 0.00 <reg_g> 2.62 <reg_p> 1.22
2023-03-09 16:43:54,340: Accuracy: <p> 100.00% <g> 18.12% <gt> 18.12%
2023-03-09 16:43:54,347: Parameters: <max_hebb> 0.37 <eta> 0.01 <lambda> 1.00 <p2g_scale_offset> 0.56
2023-03-09 16:43:54,349: Weights:[0.1755, 0.07683802409454243, 1.0, 1.0, 1.0, 0.1755, 0.009999912250000001, 0.018245]
2023-03-09 16:43:54,349:  
2023-03-09 16:44:33,874: Finished backprop iter 360 in 3.55 seconds.
2023-03-09 16:44:33,876: Loss: 168.54. <p_g> 2.15 <p_x> 0.62 <x_gen> 74.23 <x_g> 74.21 <x_p> 13.68 <g> 0.00 <reg_g> 2.48 <reg_p> 1.18
2023-03-09 16:44:33,877: Accuracy: <p> 100.00% <g> 15.00% <gt> 15.00%
2023-03-09 16:44:33,883: Parameters: <max_hebb> 0.39 <eta> 0.01 <lambda> 1.00 <p2g_scale_offset> 0.55
2023-03-09 16:44:33,884: Weights:[0.1805, 0.08125496348509773, 1.0, 1.0, 1.0, 0.1805, 0.009999909750000001, 0.018195000000000003]
2023-03-09 16:44:33,886:  
2023-03-09 16:45:12,561: Finished backprop iter 370 in 3.60 seconds.
2023-03-09 16:45:12,563: Loss: 175.70. <p_g> 2.32 <p_x> 0.65 <x_gen> 78.11 <x_g> 78.10 <x_p> 12.97 <g> 0.00 <reg_g> 2.38 <reg_p> 1.17
2023-03-09 16:45:12,564: Accuracy: <p> 100.00% <g> 12.50% <gt> 12.50%
2023-03-09 16:45:12,570: Parameters: <max_hebb> 0.39 <eta> 0.01 <lambda> 1.00 <p2g_scale_offset> 0.54
2023-03-09 16:45:12,571: Weights:[0.1855, 0.08580676368873445, 1.0, 1.0, 1.0, 0.1855, 0.00999990725, 0.018145]
2023-03-09 16:45:12,572:  
2023-03-09 16:45:51,546: Finished backprop iter 380 in 3.54 seconds.
2023-03-09 16:45:51,546: Loss: 171.20. <p_g> 2.06 <p_x> 0.62 <x_gen> 74.76 <x_g> 74.76 <x_p> 15.52 <g> 0.00 <reg_g> 2.40 <reg_p> 1.08
2023-03-09 16:45:51,548: Accuracy: <p> 100.00% <g> 19.38% <gt> 19.38%
2023-03-09 16:45:51,558: Parameters: <max_hebb> 0.41 <eta> 0.01 <lambda> 1.00 <p2g_scale_offset> 0.52
2023-03-09 16:45:51,559: Weights:[0.1905, 0.09049146478526193, 1.0, 1.0, 1.0, 0.1905, 0.00999990475, 0.018095]
2023-03-09 16:45:51,560:  
2023-03-09 16:46:30,749: Finished backprop iter 390 in 3.53 seconds.
2023-03-09 16:46:30,751: Loss: 165.01. <p_g> 2.04 <p_x> 0.62 <x_gen> 72.23 <x_g> 72.25 <x_p> 14.40 <g> 0.01 <reg_g> 2.38 <reg_p> 1.09
2023-03-09 16:46:30,753: Accuracy: <p> 100.00% <g> 19.06% <gt> 19.06%
2023-03-09 16:46:30,760: Parameters: <max_hebb> 0.42 <eta> 0.01 <lambda> 1.00 <p2g_scale_offset> 0.51
2023-03-09 16:46:30,762: Weights:[0.1955, 0.09530675898733688, 1.0, 1.0, 1.0, 0.1955, 0.00999990225, 0.018045000000000002]
2023-03-09 16:46:30,763:  
2023-03-09 16:47:09,669: Finished backprop iter 400 in 3.56 seconds.
2023-03-09 16:47:09,671: Loss: 152.04. <p_g> 2.00 <p_x> 0.54 <x_gen> 66.39 <x_g> 66.37 <x_p> 13.17 <g> 0.00 <reg_g> 2.46 <reg_p> 1.11
2023-03-09 16:47:09,672: Accuracy: <p> 100.00% <g> 25.31% <gt> 25.31%
2023-03-09 16:47:09,680: Parameters: <max_hebb> 0.44 <eta> 0.01 <lambda> 1.00 <p2g_scale_offset> 0.50
2023-03-09 16:47:09,682: Weights:[0.2005, 0.10025, 1.0, 1.0, 1.0, 0.2005, 0.00999989975, 0.017995]
2023-03-09 16:47:09,683:  
2023-03-09 16:47:48,958: Finished backprop iter 410 in 3.65 seconds.
2023-03-09 16:47:48,959: Loss: 163.85. <p_g> 2.17 <p_x> 0.83 <x_gen> 71.85 <x_g> 71.84 <x_p> 13.63 <g> 0.00 <reg_g> 2.45 <reg_p> 1.08
2023-03-09 16:47:48,960: Accuracy: <p> 100.00% <g> 22.19% <gt> 22.19%
2023-03-09 16:47:48,968: Parameters: <max_hebb> 0.44 <eta> 0.01 <lambda> 1.00 <p2g_scale_offset> 0.49
2023-03-09 16:47:48,968: Weights:[0.2055, 0.10531821497750522, 1.0, 1.0, 1.0, 0.2055, 0.00999989725, 0.017945]
2023-03-09 16:47:48,970:  
2023-03-09 16:48:27,961: Finished backprop iter 420 in 3.63 seconds.
2023-03-09 16:48:27,963: Loss: 152.11. <p_g> 2.09 <p_x> 0.66 <x_gen> 66.75 <x_g> 66.75 <x_p> 12.35 <g> 0.00 <reg_g> 2.40 <reg_p> 1.10
2023-03-09 16:48:27,964: Accuracy: <p> 100.00% <g> 26.88% <gt> 26.88%
2023-03-09 16:48:27,971: Parameters: <max_hebb> 0.44 <eta> 0.01 <lambda> 1.00 <p2g_scale_offset> 0.48
2023-03-09 16:48:27,972: Weights:[0.2105, 0.11050811896431686, 1.0, 1.0, 1.0, 0.2105, 0.00999989475, 0.017895]
2023-03-09 16:48:27,973:  
2023-03-09 16:49:07,300: Finished backprop iter 430 in 4.00 seconds.
2023-03-09 16:49:07,301: Loss: 158.32. <p_g> 2.21 <p_x> 0.78 <x_gen> 69.64 <x_g> 69.62 <x_p> 12.58 <g> 0.00 <reg_g> 2.40 <reg_p> 1.09
2023-03-09 16:49:07,302: Accuracy: <p> 100.00% <g> 26.88% <gt> 26.88%
2023-03-09 16:49:07,308: Parameters: <max_hebb> 0.45 <eta> 0.01 <lambda> 1.00 <p2g_scale_offset> 0.46
2023-03-09 16:49:07,309: Weights:[0.2155, 0.11581613167157803, 1.0, 1.0, 1.0, 0.2155, 0.00999989225, 0.017845]
2023-03-09 16:49:07,310:  
2023-03-09 16:49:46,159: Finished backprop iter 440 in 3.63 seconds.
2023-03-09 16:49:46,161: Loss: 151.96. <p_g> 2.33 <p_x> 0.80 <x_gen> 66.81 <x_g> 66.75 <x_p> 11.54 <g> 0.00 <reg_g> 2.62 <reg_p> 1.11
2023-03-09 16:49:46,162: Accuracy: <p> 100.00% <g> 29.38% <gt> 29.38%
2023-03-09 16:49:46,169: Parameters: <max_hebb> 0.46 <eta> 0.01 <lambda> 1.00 <p2g_scale_offset> 0.45
2023-03-09 16:49:46,170: Weights:[0.2205, 0.12123839640740136, 1.0, 1.0, 1.0, 0.2205, 0.00999988975, 0.017795000000000002]
2023-03-09 16:49:46,171:  
2023-03-09 16:50:25,223: Finished backprop iter 450 in 3.58 seconds.
2023-03-09 16:50:25,225: Loss: 151.62. <p_g> 2.33 <p_x> 0.82 <x_gen> 66.54 <x_g> 66.55 <x_p> 11.74 <g> 0.01 <reg_g> 2.54 <reg_p> 1.09
2023-03-09 16:50:25,227: Accuracy: <p> 100.00% <g> 30.94% <gt> 30.94%
2023-03-09 16:50:25,233: Parameters: <max_hebb> 0.46 <eta> 0.01 <lambda> 1.00 <p2g_scale_offset> 0.44
2023-03-09 16:50:25,234: Weights:[0.2255, 0.12677080094974746, 1.0, 1.0, 1.0, 0.2255, 0.00999988725, 0.017745]
2023-03-09 16:50:25,235:  
2023-03-09 16:51:04,340: Finished backprop iter 460 in 3.91 seconds.
2023-03-09 16:51:04,342: Loss: 137.26. <p_g> 2.03 <p_x> 0.70 <x_gen> 59.73 <x_g> 59.72 <x_p> 11.51 <g> 0.00 <reg_g> 2.49 <reg_p> 1.08
2023-03-09 16:51:04,343: Accuracy: <p> 100.00% <g> 38.75% <gt> 38.75%
2023-03-09 16:51:04,349: Parameters: <max_hebb> 0.46 <eta> 0.01 <lambda> 1.00 <p2g_scale_offset> 0.43
2023-03-09 16:51:04,351: Weights:[0.2305, 0.13240900012508738, 1.0, 1.0, 1.0, 0.2305, 0.00999988475, 0.017695000000000002]
2023-03-09 16:51:04,352:  
2023-03-09 16:51:43,455: Finished backprop iter 470 in 3.62 seconds.
2023-03-09 16:51:43,457: Loss: 153.01. <p_g> 2.44 <p_x> 0.78 <x_gen> 67.70 <x_g> 67.69 <x_p> 10.75 <g> 0.00 <reg_g> 2.56 <reg_p> 1.09
2023-03-09 16:51:43,458: Accuracy: <p> 100.00% <g> 31.25% <gt> 31.25%
2023-03-09 16:51:43,463: Parameters: <max_hebb> 0.47 <eta> 0.01 <lambda> 1.00 <p2g_scale_offset> 0.41
2023-03-09 16:51:43,464: Weights:[0.2355, 0.13814843983503122, 1.0, 1.0, 1.0, 0.2355, 0.00999988225, 0.017645]
2023-03-09 16:51:43,464:  
2023-03-09 16:52:22,734: Finished backprop iter 480 in 3.63 seconds.
2023-03-09 16:52:22,735: Loss: 144.03. <p_g> 2.46 <p_x> 0.94 <x_gen> 63.62 <x_g> 63.58 <x_p> 9.65 <g> 0.02 <reg_g> 2.65 <reg_p> 1.12
2023-03-09 16:52:22,737: Accuracy: <p> 100.00% <g> 36.56% <gt> 36.56%
2023-03-09 16:52:22,743: Parameters: <max_hebb> 0.48 <eta> 0.02 <lambda> 1.00 <p2g_scale_offset> 0.40
2023-03-09 16:52:22,744: Weights:[0.2405, 0.1439843822570447, 1.0, 1.0, 1.0, 0.2405, 0.009999879750000001, 0.017595]
2023-03-09 16:52:22,744:  
2023-03-09 16:53:01,630: Finished backprop iter 490 in 3.63 seconds.
2023-03-09 16:53:01,632: Loss: 144.99. <p_g> 2.29 <p_x> 0.88 <x_gen> 63.58 <x_g> 63.57 <x_p> 11.20 <g> 0.01 <reg_g> 2.42 <reg_p> 1.05
2023-03-09 16:53:01,634: Accuracy: <p> 100.00% <g> 35.94% <gt> 36.25%
2023-03-09 16:53:01,642: Parameters: <max_hebb> 0.48 <eta> 0.02 <lambda> 1.00 <p2g_scale_offset> 0.39
2023-03-09 16:53:01,644: Weights:[0.2455, 0.14991193193453398, 1.0, 1.0, 1.0, 0.2455, 0.00999987725, 0.017545]
2023-03-09 16:53:01,644:  
